#
# A fatal error has been detected by the Java Runtime Environment:
#
#  EXCEPTION_ACCESS_VIOLATION (0xc0000005) at pc=0x00007ffd315c1dbd, pid=40972, tid=27784
#
# JRE version: OpenJDK Runtime Environment (21.0.3) (build 21.0.3+-12282718-b509.11)
# Java VM: OpenJDK 64-Bit Server VM (21.0.3+-12282718-b509.11, mixed mode, tiered, compressed oops, compressed class ptrs, g1 gc, windows-amd64)
# Problematic frame:
# V  [jvm.dll+0x351dbd]
#
# No core dump will be written. Minidumps are not enabled by default on client versions of Windows
#
# If you would like to submit a bug report, please visit:
#   https://youtrack.jetbrains.com/issues/JBR
#

---------------  S U M M A R Y ------------

Command Line: --add-opens=java.base/java.util=ALL-UNNAMED --add-opens=java.base/java.lang=ALL-UNNAMED --add-opens=java.base/java.lang.invoke=ALL-UNNAMED --add-opens=java.prefs/java.util.prefs=ALL-UNNAMED --add-exports=jdk.compiler/com.sun.tools.javac.api=ALL-UNNAMED --add-exports=jdk.compiler/com.sun.tools.javac.util=ALL-UNNAMED --add-opens=java.base/java.nio.charset=ALL-UNNAMED --add-opens=java.base/java.net=ALL-UNNAMED --add-opens=java.base/java.util.concurrent.atomic=ALL-UNNAMED -Xmx2048m -Dfile.encoding=UTF-8 -Duser.country=US -Duser.language=en -Duser.variant -javaagent:C:\Users\Brandon\.gradle\wrapper\dists\gradle-8.9-bin\90cnw93cvbtalezasaz0blq0a\gradle-8.9\lib\agents\gradle-instrumentation-agent-8.9.jar org.gradle.launcher.daemon.bootstrap.GradleDaemon 8.9

Host: Intel(R) Core(TM) i9-14900KF, 32 cores, 63G,  Windows 11 , 64 bit Build 22621 (10.0.22621.4391)
Time: Wed Oct 30 23:37:18 2024 Eastern Daylight Time elapsed time: 2.006053 seconds (0d 0h 0m 2s)

---------------  T H R E A D  ---------------

Current thread (0x000001d85ce2bd00):  WorkerThread "GC Thread#5"    [id=27784, stack(0x00000058fdb00000,0x00000058fdc00000) (1024K)]

Stack: [0x00000058fdb00000,0x00000058fdc00000],  sp=0x00000058fdbff870,  free space=1022k
Native frames: (J=compiled Java code, j=interpreted, Vv=VM code, C=native code)
V  [jvm.dll+0x351dbd]
V  [jvm.dll+0x3525bf]
C  0x000001d85d8fd5d8


siginfo: EXCEPTION_ACCESS_VIOLATION (0xc0000005), reading address 0x00000000000005b9


Registers:
RAX=0x0000000000000009, RBX=0x0000000081beb006, RCX=0x0000000000000000, RDX=0x0000000081beb006
RSP=0x00000058fdbff870, RBP=0x0000000000090000, RSI=0x0000000080469790, RDI=0x0000000081beb006
R8 =0x0000000000090000, R9 =0x0000000080469790, R10=0x0000000000000003, R11=0x00007ffe19e715c3
R12=0x000000000000000b, R13=0x000000010004af50, R14=0x000000010004b3c0, R15=0x0000000081beafe8
RIP=0x00007ffd315c1dbd, EFLAGS=0x0000000000010206


Register to memory mapping:

RAX=0x0000000000000009 is an unknown value
RBX=0x0000000081beb006 is pointing into object: java.lang.reflect.Method 
{0x0000000081beafe8} - klass: 'java/lang/reflect/Method'
 - ---- fields (total size 11 words):
 - 'override' 'Z' @12  false (0x00)
 - volatile 'accessCheckCache' 'Ljava/lang/Object;' @16  null (0x00000000)
 - private transient 'parameterData' 'Ljava/lang/reflect/Executable$ParameterData;' @20  null (0x00000000)
 - private volatile transient 'declaredAnnotations' 'Ljava/util/Map;' @24  null (0x00000000)
 - private 'callerSensitive' 'B' @13  0 (0x00)
 - private final 'slot' 'I' @28  65 (0x00000041)
 - private final 'modifiers' 'I' @32  9 (0x00000009)
 - private final 'clazz' 'Ljava/lang/Class;' @36  a 'java/lang/Class'{0x0000000081e728f0} = 'org/apache/groovy/swing/extensions/SwingExtensions' (0x81e728f0)
 - private final 'name' 'Ljava/lang/String;' @40  "getAt"{0x00000000822280e0} (0x822280e0)
 - private final 'returnType' 'Ljava/lang/Class;' @44  a 'java/lang/Class'{0x0000000081e6ee78} = 'java/awt/Component' (0x81e6ee78)
 - private final 'parameterTypes' '[Ljava/lang/Class;' @48  a 'java/lang/Class'[2] {0x0000000081d8acb8} (0x81d8acb8)
 - private final 'exceptionTypes' '[Ljava/lang/Class;' @52  a 'java/lang/Class'[0] {0x0000000080469790} (0x80469790)
 - private final transient 'signature' 'Ljava/lang/String;' @56  null (0x00000000)
 - private volatile transient 'genericInfo' 'Lsun/reflect/generics/repository/MethodRepository;' @60  null (0x00000000)
 - private final 'annotations' '[B' @64  null (0x00000000)
 - private final 'parameterAnnotations' '[B' @68  null (0x00000000)
 - private final 'annotationDefault' '[B' @72  null (0x00000000)
 - private 'methodAccessor' 'Ljdk/internal/reflect/MethodAccessor;' @76  null (0x00000000)
 - private 'root' 'Ljava/lang/reflect/Method;' @80  a 'java/lang/reflect/Method'{0x0000000082317a08} (0x82317a08)
RCX=0x0 is null
RDX=0x0000000081beb006 is pointing into object: java.lang.reflect.Method 
{0x0000000081beafe8} - klass: 'java/lang/reflect/Method'
 - ---- fields (total size 11 words):
 - 'override' 'Z' @12  false (0x00)
 - volatile 'accessCheckCache' 'Ljava/lang/Object;' @16  null (0x00000000)
 - private transient 'parameterData' 'Ljava/lang/reflect/Executable$ParameterData;' @20  null (0x00000000)
 - private volatile transient 'declaredAnnotations' 'Ljava/util/Map;' @24  null (0x00000000)
 - private 'callerSensitive' 'B' @13  0 (0x00)
 - private final 'slot' 'I' @28  65 (0x00000041)
 - private final 'modifiers' 'I' @32  9 (0x00000009)
 - private final 'clazz' 'Ljava/lang/Class;' @36  a 'java/lang/Class'{0x0000000081e728f0} = 'org/apache/groovy/swing/extensions/SwingExtensions' (0x81e728f0)
 - private final 'name' 'Ljava/lang/String;' @40  "getAt"{0x00000000822280e0} (0x822280e0)
 - private final 'returnType' 'Ljava/lang/Class;' @44  a 'java/lang/Class'{0x0000000081e6ee78} = 'java/awt/Component' (0x81e6ee78)
 - private final 'parameterTypes' '[Ljava/lang/Class;' @48  a 'java/lang/Class'[2] {0x0000000081d8acb8} (0x81d8acb8)
 - private final 'exceptionTypes' '[Ljava/lang/Class;' @52  a 'java/lang/Class'[0] {0x0000000080469790} (0x80469790)
 - private final transient 'signature' 'Ljava/lang/String;' @56  null (0x00000000)
 - private volatile transient 'genericInfo' 'Lsun/reflect/generics/repository/MethodRepository;' @60  null (0x00000000)
 - private final 'annotations' '[B' @64  null (0x00000000)
 - private final 'parameterAnnotations' '[B' @68  null (0x00000000)
 - private final 'annotationDefault' '[B' @72  null (0x00000000)
 - private 'methodAccessor' 'Ljdk/internal/reflect/MethodAccessor;' @76  null (0x00000000)
 - private 'root' 'Ljava/lang/reflect/Method;' @80  a 'java/lang/reflect/Method'{0x0000000082317a08} (0x82317a08)
RSP=0x00000058fdbff870 points into unknown readable memory: 0x000000010004af50 | 50 af 04 00 01 00 00 00
RBP=0x0000000000090000 is an unknown value
RSI=0x0000000080469790 is an oop: [Ljava.lang.Class; 
{0x0000000080469790} - klass: 'java/lang/Class'[]
 - length: 0
RDI=0x0000000081beb006 is pointing into object: java.lang.reflect.Method 
{0x0000000081beafe8} - klass: 'java/lang/reflect/Method'
 - ---- fields (total size 11 words):
 - 'override' 'Z' @12  false (0x00)
 - volatile 'accessCheckCache' 'Ljava/lang/Object;' @16  null (0x00000000)
 - private transient 'parameterData' 'Ljava/lang/reflect/Executable$ParameterData;' @20  null (0x00000000)
 - private volatile transient 'declaredAnnotations' 'Ljava/util/Map;' @24  null (0x00000000)
 - private 'callerSensitive' 'B' @13  0 (0x00)
 - private final 'slot' 'I' @28  65 (0x00000041)
 - private final 'modifiers' 'I' @32  9 (0x00000009)
 - private final 'clazz' 'Ljava/lang/Class;' @36  a 'java/lang/Class'{0x0000000081e728f0} = 'org/apache/groovy/swing/extensions/SwingExtensions' (0x81e728f0)
 - private final 'name' 'Ljava/lang/String;' @40  "getAt"{0x00000000822280e0} (0x822280e0)
 - private final 'returnType' 'Ljava/lang/Class;' @44  a 'java/lang/Class'{0x0000000081e6ee78} = 'java/awt/Component' (0x81e6ee78)
 - private final 'parameterTypes' '[Ljava/lang/Class;' @48  a 'java/lang/Class'[2] {0x0000000081d8acb8} (0x81d8acb8)
 - private final 'exceptionTypes' '[Ljava/lang/Class;' @52  a 'java/lang/Class'[0] {0x0000000080469790} (0x80469790)
 - private final transient 'signature' 'Ljava/lang/String;' @56  null (0x00000000)
 - private volatile transient 'genericInfo' 'Lsun/reflect/generics/repository/MethodRepository;' @60  null (0x00000000)
 - private final 'annotations' '[B' @64  null (0x00000000)
 - private final 'parameterAnnotations' '[B' @68  null (0x00000000)
 - private final 'annotationDefault' '[B' @72  null (0x00000000)
 - private 'methodAccessor' 'Ljdk/internal/reflect/MethodAccessor;' @76  null (0x00000000)
 - private 'root' 'Ljava/lang/reflect/Method;' @80  a 'java/lang/reflect/Method'{0x0000000082317a08} (0x82317a08)
R8 =0x0000000000090000 is an unknown value
R9 =0x0000000080469790 is an oop: [Ljava.lang.Class; 
{0x0000000080469790} - klass: 'java/lang/Class'[]
 - length: 0
R10=0x0000000000000003 is an unknown value
R11=0x00007ffe19e715c3 VCRUNTIME140.dll
R12=0x000000000000000b is an unknown value
R13=0x000000010004af50 is a pointer to class: 
java.lang.reflect.Method {0x000000010004af58}
 - instance size:     11
 - klass size:        144
 - access:            public final synchronized 
 - flags:             rewritten has_nonstatic_fields has_nonstatic_concrete_methods 
 - state:             fully_initialized
 - name:              'java/lang/reflect/Method'
 - super:             'java/lang/reflect/Executable'
 - sub:               
 - arrays:            'java/lang/reflect/Method'[]
 - methods:           Array<T>(0x000001d8580775c8)
 - method ordering:   Array<T>(0x000001d858000018)
 - default_methods:   Array<T>(0x0000000000000000)
 - local interfaces:  Array<T>(0x000001d858000058)
 - trans. interfaces: Array<T>(0x000001d85807e240)
 - constants:         constant pool [472] {0x000001d858076520} for 'java/lang/reflect/Method' cache=0x000001d858182c90
 - class loader data:  loader data: 0x000001d8570c4630 of 'bootstrap'
 - class annotations:       Array<T>(0x0000000000000000)
 - class type annotations:  Array<T>(0x0000000000000000)
 - field annotations:       Array<T>(0x000001d858077538)
 - field type annotations:  Array<T>(0x0000000000000000)
 - inner classes:     Array<T>(0x000001d858000028)
 - nest members:     Array<T>(0x000001d858000028)
 - permitted subclasses:     Array<T>(0x000001d858000028)
 - java mirror:       a 'java/lang/Class'{0x0000000080ae0ac8} = 'java/lang/reflect/Method'
 - vtable length      57  (start addr: 0x000000010004b138)
 - itable length      24 (start addr: 0x000000010004b300)
 - ---- static fields (0 words):
 - ---- non-static fields (18 words):
 - 'override' 'Z' @12 
 - volatile 'accessCheckCache' 'Ljava/lang/Object;' @16 
 - private transient 'parameterData' 'Ljava/lang/reflect/Executable$ParameterData;' @20 
 - private volatile transient 'declaredAnnotations' 'Ljava/util/Map;' @24 
 - private 'callerSensitive' 'B' @13 
 - private final 'slot' 'I' @28 
 - private final 'modifiers' 'I' @32 
 - private final 'clazz' 'Ljava/lang/Class;' @36 
 - private final 'name' 'Ljava/lang/String;' @40 
 - private final 'returnType' 'Ljava/lang/Class;' @44 
 - private final 'parameterTypes' '[Ljava/lang/Class;' @48 
 - private final 'exceptionTypes' '[Ljava/lang/Class;' @52 
 - private final transient 'signature' 'Ljava/lang/String;' @56 
 - private volatile transient 'genericInfo' 'Lsun/reflect/generics/repository/MethodRepository;' @60 
 - private final 'annotations' '[B' @64 
 - private final 'parameterAnnotations' '[B' @68 
 - private final 'annotationDefault' '[B' @72 
 - private 'methodAccessor' 'Ljdk/internal/reflect/MethodAccessor;' @76 
 - private 'root' 'Ljava/lang/reflect/Method;' @80 
 - non-static oop maps: 16-24 36-80 
R14=0x000000010004b3c0 is pointing into metadata
R15=0x0000000081beafe8 is an oop: java.lang.reflect.Method 
{0x0000000081beafe8} - klass: 'java/lang/reflect/Method'
 - ---- fields (total size 11 words):
 - 'override' 'Z' @12  false (0x00)
 - volatile 'accessCheckCache' 'Ljava/lang/Object;' @16  null (0x00000000)
 - private transient 'parameterData' 'Ljava/lang/reflect/Executable$ParameterData;' @20  null (0x00000000)
 - private volatile transient 'declaredAnnotations' 'Ljava/util/Map;' @24  null (0x00000000)
 - private 'callerSensitive' 'B' @13  0 (0x00)
 - private final 'slot' 'I' @28  65 (0x00000041)
 - private final 'modifiers' 'I' @32  9 (0x00000009)
 - private final 'clazz' 'Ljava/lang/Class;' @36  a 'java/lang/Class'{0x0000000081e728f0} = 'org/apache/groovy/swing/extensions/SwingExtensions' (0x81e728f0)
 - private final 'name' 'Ljava/lang/String;' @40  "getAt"{0x00000000822280e0} (0x822280e0)
 - private final 'returnType' 'Ljava/lang/Class;' @44  a 'java/lang/Class'{0x0000000081e6ee78} = 'java/awt/Component' (0x81e6ee78)
 - private final 'parameterTypes' '[Ljava/lang/Class;' @48  a 'java/lang/Class'[2] {0x0000000081d8acb8} (0x81d8acb8)
 - private final 'exceptionTypes' '[Ljava/lang/Class;' @52  a 'java/lang/Class'[0] {0x0000000080469790} (0x80469790)
 - private final transient 'signature' 'Ljava/lang/String;' @56  null (0x00000000)
 - private volatile transient 'genericInfo' 'Lsun/reflect/generics/repository/MethodRepository;' @60  null (0x00000000)
 - private final 'annotations' '[B' @64  null (0x00000000)
 - private final 'parameterAnnotations' '[B' @68  null (0x00000000)
 - private final 'annotationDefault' '[B' @72  null (0x00000000)
 - private 'methodAccessor' 'Ljdk/internal/reflect/MethodAccessor;' @76  null (0x00000000)
 - private 'root' 'Ljava/lang/reflect/Method;' @80  a 'java/lang/reflect/Method'{0x0000000082317a08} (0x82317a08)

Top of Stack: (sp=0x00000058fdbff870)
0x00000058fdbff870:   000000010004af50 0000000000000000
0x00000058fdbff880:   0000000081beaefc 00007ffd315c1de9
0x00000058fdbff890:   0000000081beb002 00007ffd315c25bf
0x00000058fdbff8a0:   0000000081beb006 0000000080469790
0x00000058fdbff8b0:   000001d85d8fd5c8 00007ffd315c2d5c
0x00000058fdbff8c0:   0000000081beb00c 00007ffd315c25bf
0x00000058fdbff8d0:   0000000081beb01c 000001d85d8fd5d8
0x00000058fdbff8e0:   000000010004b3c8 0000000000000004
0x00000058fdbff8f0:   000001d85d8fd450 0000000081d8ac60
0x00000058fdbff900:   0000000081beafe8 00007ffd315c3f20
0x00000058fdbff910:   0000000000000009 0000000000000009
0x00000058fdbff920:   0000000000000001 00007ffe1f9cb001
0x00000058fdbff930:   0000000000000001 00007ffd00000000
0x00000058fdbff940:   000001d83d7981f0 00007ffd3197d2bb
0x00000058fdbff950:   000001d85d8fd468 0000000000000000
0x00000058fdbff960:   000001d85d8fd5d8 0000000000000000
0x00000058fdbff970:   0000000000000040 000001d85cbcadf0
0x00000058fdbff980:   0000000000000005 0000000081beafa0
0x00000058fdbff990:   000001d83d6f3670 0000000000000415
0x00000058fdbff9a0:   000001d85d8fd450 00007ffd315c4cca
0x00000058fdbff9b0:   000001d85d8f0000 0000000000000100
0x00000058fdbff9c0:   000001d800000000 0000000000000009
0x00000058fdbff9d0:   0000000080453000 0000000000000140
0x00000058fdbff9e0:   00000058fdbffbd0 0000000000000004
0x00000058fdbff9f0:   0000000080453a00 00007ffd315c13ae
0x00000058fdbffa00:   00000058fdbffa80 000001d85d8fd450
0x00000058fdbffa10:   0000000080453000 0000000000000140
0x00000058fdbffa20:   0000000001308075 0000000000000000
0x00000058fdbffa30:   0000000000000005 00000058fdbffbd0
0x00000058fdbffa40:   000001d83d78c8a0 00007ffd315ce46c
0x00000058fdbffa50:   0000000000000140 000001d83d78c8a0
0x00000058fdbffa60:   00000058fdbffbd0 00007ffd31933d4f 

Instructions: (pc=0x00007ffd315c1dbd)
0x00007ffd315c1cbd:   00 e8 bd b5 f2 ff cc cc cc cc cc cc cc cc cc cc
0x00007ffd315c1ccd:   cc cc cc 48 89 6c 24 10 48 89 74 24 18 57 48 83
0x00007ffd315c1cdd:   ec 20 48 8b 32 48 8b fa 48 8b e9 48 85 f6 74 79
0x00007ffd315c1ced:   48 8b 41 10 4c 8b c6 48 89 5c 24 30 8b 88 b0 05
0x00007ffd315c1cfd:   00 00 48 8b 80 a0 05 00 00 49 d3 e8 42 0f b7 1c
0x00007ffd315c1d0d:   40 0f b7 c3 66 c1 e8 08 84 c0 78 0b 48 8b 4d 18
0x00007ffd315c1d1d:   e8 4e 28 00 00 eb 3d 8b 0d e6 81 83 00 48 8b c6
0x00007ffd315c1d2d:   48 33 c7 48 d3 e8 48 85 c0 74 29 4c 8b ce 4c 8b
0x00007ffd315c1d3d:   c7 0f b7 d3 48 8b cd e8 57 01 00 00 83 7d 20 01
0x00007ffd315c1d4d:   74 12 48 8b 4d 18 4c 8b ce 4c 8b c7 0f b7 d3 e8
0x00007ffd315c1d5d:   df 00 00 00 48 8b 5c 24 30 48 8b 6c 24 38 48 8b
0x00007ffd315c1d6d:   74 24 40 48 83 c4 20 5f c3 cc cc cc cc cc cc cc
0x00007ffd315c1d7d:   cc cc cc 48 89 74 24 18 57 48 83 ec 20 8b 02 48
0x00007ffd315c1d8d:   8b fa 48 8b f1 85 c0 0f 84 98 00 00 00 8b 0d 68
0x00007ffd315c1d9d:   41 7d 00 48 89 5c 24 30 48 89 6c 24 38 8b e8 48
0x00007ffd315c1dad:   8b 46 10 48 d3 e5 48 03 2d 46 41 7d 00 4c 8b c5
0x00007ffd315c1dbd:   8b 88 b0 05 00 00 48 8b 80 a0 05 00 00 49 d3 e8
0x00007ffd315c1dcd:   42 0f b7 1c 40 0f b7 c3 66 c1 e8 08 84 c0 78 0e
0x00007ffd315c1ddd:   48 8b 4e 18 48 ff c2 e8 87 27 00 00 eb 3d 8b 0d
0x00007ffd315c1ded:   1f 81 83 00 48 8b c5 48 33 c7 48 d3 e8 48 85 c0
0x00007ffd315c1dfd:   74 29 4c 8b cd 4c 8b c7 0f b7 d3 48 8b ce e8 00
0x00007ffd315c1e0d:   02 00 00 83 7e 20 01 74 12 48 8b 4e 18 4c 8b cd
0x00007ffd315c1e1d:   4c 8b c7 0f b7 d3 e8 18 00 00 00 48 8b 5c 24 30
0x00007ffd315c1e2d:   48 8b 6c 24 38 48 8b 74 24 40 48 83 c4 20 5f c3
0x00007ffd315c1e3d:   cc cc cc 84 d2 74 4e 48 89 5c 24 08 57 48 83 ec
0x00007ffd315c1e4d:   20 48 8b 41 60 48 8b f9 8b 0d d1 94 82 00 49 8b
0x00007ffd315c1e5d:   d8 48 d3 eb 48 03 58 30 48 8b 50 28 48 2b da 48
0x00007ffd315c1e6d:   39 9f b8 01 00 00 74 13 48 03 d3 48 8d 4f 18 e8
0x00007ffd315c1e7d:   2f 70 00 00 48 89 9f b8 01 00 00 48 8b 5c 24 30
0x00007ffd315c1e8d:   48 83 c4 20 5f c3 cc cc cc cc cc cc cc cc cc cc
0x00007ffd315c1e9d:   cc cc cc 40 56 48 83 ec 20 66 c1 ea 08 49 8b f0
0x00007ffd315c1ead:   80 fa fd 75 40 48 8b 51 10 8b 8a 18 02 00 00 48 


Stack slot to memory mapping:

stack at sp + 0 slots: 0x000000010004af50 is a pointer to class: 
java.lang.reflect.Method {0x000000010004af58}
 - instance size:     11
 - klass size:        144
 - access:            public final synchronized 
 - flags:             rewritten has_nonstatic_fields has_nonstatic_concrete_methods 
 - state:             fully_initialized
 - name:              'java/lang/reflect/Method'
 - super:             'java/lang/reflect/Executable'
 - sub:               
 - arrays:            'java/lang/reflect/Method'[]
 - methods:           Array<T>(0x000001d8580775c8)
 - method ordering:   Array<T>(0x000001d858000018)
 - default_methods:   Array<T>(0x0000000000000000)
 - local interfaces:  Array<T>(0x000001d858000058)
 - trans. interfaces: Array<T>(0x000001d85807e240)
 - constants:         constant pool [472] {0x000001d858076520} for 'java/lang/reflect/Method' cache=0x000001d858182c90
 - class loader data:  loader data: 0x000001d8570c4630 of 'bootstrap'
 - class annotations:       Array<T>(0x0000000000000000)
 - class type annotations:  Array<T>(0x0000000000000000)
 - field annotations:       Array<T>(0x000001d858077538)
 - field type annotations:  Array<T>(0x0000000000000000)
 - inner classes:     Array<T>(0x000001d858000028)
 - nest members:     Array<T>(0x000001d858000028)
 - permitted subclasses:     Array<T>(0x000001d858000028)
 - java mirror:       a 'java/lang/Class'{0x0000000080ae0ac8} = 'java/lang/reflect/Method'
 - vtable length      57  (start addr: 0x000000010004b138)
 - itable length      24 (start addr: 0x000000010004b300)
 - ---- static fields (0 words):
 - ---- non-static fields (18 words):
 - 'override' 'Z' @12 
 - volatile 'accessCheckCache' 'Ljava/lang/Object;' @16 
 - private transient 'parameterData' 'Ljava/lang/reflect/Executable$ParameterData;' @20 
 - private volatile transient 'declaredAnnotations' 'Ljava/util/Map;' @24 
 - private 'callerSensitive' 'B' @13 
 - private final 'slot' 'I' @28 
 - private final 'modifiers' 'I' @32 
 - private final 'clazz' 'Ljava/lang/Class;' @36 
 - private final 'name' 'Ljava/lang/String;' @40 
 - private final 'returnType' 'Ljava/lang/Class;' @44 
 - private final 'parameterTypes' '[Ljava/lang/Class;' @48 
 - private final 'exceptionTypes' '[Ljava/lang/Class;' @52 
 - private final transient 'signature' 'Ljava/lang/String;' @56 
 - private volatile transient 'genericInfo' 'Lsun/reflect/generics/repository/MethodRepository;' @60 
 - private final 'annotations' '[B' @64 
 - private final 'parameterAnnotations' '[B' @68 
 - private final 'annotationDefault' '[B' @72 
 - private 'methodAccessor' 'Ljdk/internal/reflect/MethodAccessor;' @76 
 - private 'root' 'Ljava/lang/reflect/Method;' @80 
 - non-static oop maps: 16-24 36-80 
stack at sp + 1 slots: 0x0 is null
stack at sp + 2 slots: 0x0000000081beaefc is pointing into object: java.lang.ref.WeakReference 
{0x0000000081beaef0} - klass: 'java/lang/ref/WeakReference'
 - ---- fields (total size 4 words):
 - private 'referent' 'Ljava/lang/Object;' @12  a 'java/lang/Class'{0x0000000081beab48} = 'javax/swing/JToolBar' (0x81beab48)
 - volatile 'queue' 'Ljava/lang/ref/ReferenceQueue;' @16  a 'java/lang/ref/ReferenceQueue$Null'{0x000000008046ba68} (0x8046ba68)
 - volatile 'next' 'Ljava/lang/ref/Reference;' @20  null (0x00000000)
 - private transient 'discovered' 'Ljava/lang/ref/Reference;' @24  null (0x00000000)
stack at sp + 3 slots: 0x00007ffd315c1de9 jvm.dll
stack at sp + 4 slots: 0x0000000081beb002 is pointing into object: java.lang.reflect.Method 
{0x0000000081beafe8} - klass: 'java/lang/reflect/Method'
 - ---- fields (total size 11 words):
 - 'override' 'Z' @12  false (0x00)
 - volatile 'accessCheckCache' 'Ljava/lang/Object;' @16  null (0x00000000)
 - private transient 'parameterData' 'Ljava/lang/reflect/Executable$ParameterData;' @20  null (0x00000000)
 - private volatile transient 'declaredAnnotations' 'Ljava/util/Map;' @24  null (0x00000000)
 - private 'callerSensitive' 'B' @13  0 (0x00)
 - private final 'slot' 'I' @28  65 (0x00000041)
 - private final 'modifiers' 'I' @32  9 (0x00000009)
 - private final 'clazz' 'Ljava/lang/Class;' @36  a 'java/lang/Class'{0x0000000081e728f0} = 'org/apache/groovy/swing/extensions/SwingExtensions' (0x81e728f0)
 - private final 'name' 'Ljava/lang/String;' @40  "getAt"{0x00000000822280e0} (0x822280e0)
 - private final 'returnType' 'Ljava/lang/Class;' @44  a 'java/lang/Class'{0x0000000081e6ee78} = 'java/awt/Component' (0x81e6ee78)
 - private final 'parameterTypes' '[Ljava/lang/Class;' @48  a 'java/lang/Class'[2] {0x0000000081d8acb8} (0x81d8acb8)
 - private final 'exceptionTypes' '[Ljava/lang/Class;' @52  a 'java/lang/Class'[0] {0x0000000080469790} (0x80469790)
 - private final transient 'signature' 'Ljava/lang/String;' @56  null (0x00000000)
 - private volatile transient 'genericInfo' 'Lsun/reflect/generics/repository/MethodRepository;' @60  null (0x00000000)
 - private final 'annotations' '[B' @64  null (0x00000000)
 - private final 'parameterAnnotations' '[B' @68  null (0x00000000)
 - private final 'annotationDefault' '[B' @72  null (0x00000000)
 - private 'methodAccessor' 'Ljdk/internal/reflect/MethodAccessor;' @76  null (0x00000000)
 - private 'root' 'Ljava/lang/reflect/Method;' @80  a 'java/lang/reflect/Method'{0x0000000082317a08} (0x82317a08)
stack at sp + 5 slots: 0x00007ffd315c25bf jvm.dll
stack at sp + 6 slots: 0x0000000081beb006 is pointing into object: java.lang.reflect.Method 
{0x0000000081beafe8} - klass: 'java/lang/reflect/Method'
 - ---- fields (total size 11 words):
 - 'override' 'Z' @12  false (0x00)
 - volatile 'accessCheckCache' 'Ljava/lang/Object;' @16  null (0x00000000)
 - private transient 'parameterData' 'Ljava/lang/reflect/Executable$ParameterData;' @20  null (0x00000000)
 - private volatile transient 'declaredAnnotations' 'Ljava/util/Map;' @24  null (0x00000000)
 - private 'callerSensitive' 'B' @13  0 (0x00)
 - private final 'slot' 'I' @28  65 (0x00000041)
 - private final 'modifiers' 'I' @32  9 (0x00000009)
 - private final 'clazz' 'Ljava/lang/Class;' @36  a 'java/lang/Class'{0x0000000081e728f0} = 'org/apache/groovy/swing/extensions/SwingExtensions' (0x81e728f0)
 - private final 'name' 'Ljava/lang/String;' @40  "getAt"{0x00000000822280e0} (0x822280e0)
 - private final 'returnType' 'Ljava/lang/Class;' @44  a 'java/lang/Class'{0x0000000081e6ee78} = 'java/awt/Component' (0x81e6ee78)
 - private final 'parameterTypes' '[Ljava/lang/Class;' @48  a 'java/lang/Class'[2] {0x0000000081d8acb8} (0x81d8acb8)
 - private final 'exceptionTypes' '[Ljava/lang/Class;' @52  a 'java/lang/Class'[0] {0x0000000080469790} (0x80469790)
 - private final transient 'signature' 'Ljava/lang/String;' @56  null (0x00000000)
 - private volatile transient 'genericInfo' 'Lsun/reflect/generics/repository/MethodRepository;' @60  null (0x00000000)
 - private final 'annotations' '[B' @64  null (0x00000000)
 - private final 'parameterAnnotations' '[B' @68  null (0x00000000)
 - private final 'annotationDefault' '[B' @72  null (0x00000000)
 - private 'methodAccessor' 'Ljdk/internal/reflect/MethodAccessor;' @76  null (0x00000000)
 - private 'root' 'Ljava/lang/reflect/Method;' @80  a 'java/lang/reflect/Method'{0x0000000082317a08} (0x82317a08)
stack at sp + 7 slots: 0x0000000080469790 is an oop: [Ljava.lang.Class; 
{0x0000000080469790} - klass: 'java/lang/Class'[]
 - length: 0


---------------  P R O C E S S  ---------------

Threads class SMR info:
_java_thread_list=0x000001d861f463d0, length=40, elements={
0x000001d83d6d7380, 0x000001d8572f1ed0, 0x000001d8572f2930, 0x000001d8572f5770,
0x000001d8572f61d0, 0x000001d857310640, 0x000001d857310cb0, 0x000001d857311710,
0x000001d85732e080, 0x000001d857623360, 0x000001d8576ab810, 0x000001d857907540,
0x000001d8579599a0, 0x000001d8578a8140, 0x000001d857976540, 0x000001d8578b6fa0,
0x000001d85c4dc260, 0x000001d85d76e2f0, 0x000001d85d9ba050, 0x000001d85cd18cc0,
0x000001d85d846040, 0x000001d85d6b7450, 0x000001d85d6b8760, 0x000001d85da08760,
0x000001d85da18870, 0x000001d85da153f0, 0x000001d85da16110, 0x000001d85da15a80,
0x000001d85da167a0, 0x000001d85da16e30, 0x000001d85da174c0, 0x000001d85da181e0,
0x000001d85e972280, 0x000001d85e973cc0, 0x000001d85e970840, 0x000001d85e970ed0,
0x000001d85e972910, 0x000001d85e974350, 0x000001d85e9749e0, 0x000001d8622b4190
}

Java Threads: ( => current thread )
  0x000001d83d6d7380 JavaThread "main"                              [_thread_blocked, id=45684, stack(0x00000058fbf00000,0x00000058fc000000) (1024K)]
  0x000001d8572f1ed0 JavaThread "Reference Handler"          daemon [_thread_blocked, id=27540, stack(0x00000058fc700000,0x00000058fc800000) (1024K)]
  0x000001d8572f2930 JavaThread "Finalizer"                  daemon [_thread_blocked, id=36284, stack(0x00000058fc800000,0x00000058fc900000) (1024K)]
  0x000001d8572f5770 JavaThread "Signal Dispatcher"          daemon [_thread_blocked, id=44984, stack(0x00000058fc900000,0x00000058fca00000) (1024K)]
  0x000001d8572f61d0 JavaThread "Attach Listener"            daemon [_thread_blocked, id=1992, stack(0x00000058fca00000,0x00000058fcb00000) (1024K)]
  0x000001d857310640 JavaThread "Service Thread"             daemon [_thread_blocked, id=43244, stack(0x00000058fcb00000,0x00000058fcc00000) (1024K)]
  0x000001d857310cb0 JavaThread "Monitor Deflation Thread"   daemon [_thread_blocked, id=7640, stack(0x00000058fcc00000,0x00000058fcd00000) (1024K)]
  0x000001d857311710 JavaThread "C2 CompilerThread0"         daemon [_thread_blocked, id=15304, stack(0x00000058fcd00000,0x00000058fce00000) (1024K)]
  0x000001d85732e080 JavaThread "C1 CompilerThread0"         daemon [_thread_blocked, id=38440, stack(0x00000058fce00000,0x00000058fcf00000) (1024K)]
  0x000001d857623360 JavaThread "C1 CompilerThread1"         daemon [_thread_blocked, id=14452, stack(0x00000058fcf00000,0x00000058fd000000) (1024K)]
  0x000001d8576ab810 JavaThread "Common-Cleaner"             daemon [_thread_blocked, id=41108, stack(0x00000058fd000000,0x00000058fd100000) (1024K)]
  0x000001d857907540 JavaThread "C1 CompilerThread2"         daemon [_thread_blocked, id=23228, stack(0x00000058fd100000,0x00000058fd200000) (1024K)]
  0x000001d8579599a0 JavaThread "Notification Thread"        daemon [_thread_blocked, id=44008, stack(0x00000058fd200000,0x00000058fd300000) (1024K)]
  0x000001d8578a8140 JavaThread "C2 CompilerThread1"         daemon [_thread_blocked, id=13836, stack(0x00000058fd300000,0x00000058fd400000) (1024K)]
  0x000001d857976540 JavaThread "C2 CompilerThread2"         daemon [_thread_blocked, id=6928, stack(0x00000058fd400000,0x00000058fd500000) (1024K)]
  0x000001d8578b6fa0 JavaThread "C2 CompilerThread3"         daemon [_thread_blocked, id=45376, stack(0x00000058fd500000,0x00000058fd600000) (1024K)]
  0x000001d85c4dc260 JavaThread "C1 CompilerThread3"         daemon [_thread_blocked, id=37380, stack(0x00000058fd600000,0x00000058fd700000) (1024K)]
  0x000001d85d76e2f0 JavaThread "C1 CompilerThread4"         daemon [_thread_blocked, id=45972, stack(0x00000058fed00000,0x00000058fee00000) (1024K)]
  0x000001d85d9ba050 JavaThread "Daemon health stats"               [_thread_blocked, id=31080, stack(0x00000058fee00000,0x00000058fef00000) (1024K)]
  0x000001d85cd18cc0 JavaThread "Incoming local TCP Connector on port 17536"        [_thread_in_native, id=38008, stack(0x00000058fef00000,0x00000058ff000000) (1024K)]
  0x000001d85d846040 JavaThread "Daemon periodic checks"            [_thread_blocked, id=42088, stack(0x00000058ff000000,0x00000058ff100000) (1024K)]
  0x000001d85d6b7450 JavaThread "Daemon"                            [_thread_blocked, id=9308, stack(0x00000058ff100000,0x00000058ff200000) (1024K)]
  0x000001d85d6b8760 JavaThread "Handler for socket connection from /127.0.0.1:17536 to /127.0.0.1:17538"        [_thread_in_native, id=39956, stack(0x00000058ff200000,0x00000058ff300000) (1024K)]
  0x000001d85da08760 JavaThread "Cancel handler"                    [_thread_blocked, id=48080, stack(0x00000058ff300000,0x00000058ff400000) (1024K)]
  0x000001d85da18870 JavaThread "Daemon worker"                     [_thread_blocked, id=24920, stack(0x00000058ff400000,0x00000058ff500000) (1024K)]
  0x000001d85da153f0 JavaThread "Asynchronous log dispatcher for DefaultDaemonConnection: socket connection from /127.0.0.1:17536 to /127.0.0.1:17538"        [_thread_blocked, id=21116, stack(0x00000058ff500000,0x00000058ff600000) (1024K)]
  0x000001d85da16110 JavaThread "Stdin handler"                     [_thread_blocked, id=39736, stack(0x00000058ff600000,0x00000058ff700000) (1024K)]
  0x000001d85da15a80 JavaThread "Daemon client event forwarder"        [_thread_blocked, id=45660, stack(0x00000058ff700000,0x00000058ff800000) (1024K)]
  0x000001d85da167a0 JavaThread "Cache worker for journal cache (C:\Users\Brandon\.gradle\caches\journal-1)"        [_thread_blocked, id=45532, stack(0x00000058ffd00000,0x00000058ffe00000) (1024K)]
  0x000001d85da16e30 JavaThread "File lock request listener"        [_thread_in_native, id=39996, stack(0x00000058ffe00000,0x00000058fff00000) (1024K)]
  0x000001d85da174c0 JavaThread "Cache worker for file hash cache (C:\Users\Brandon\.gradle\caches\8.9\fileHashes)"        [_thread_blocked, id=45404, stack(0x00000058fff00000,0x0000005900000000) (1024K)]
  0x000001d85da181e0 JavaThread "Cache worker for file hash cache (C:\Users\Brandon\OneDrive - University of North Georgia\Desktop\MAD Project\.gradle\8.9\fileHashes)"        [_thread_blocked, id=14864, stack(0x0000005880000000,0x0000005880100000) (1024K)]
  0x000001d85e972280 JavaThread "Cache worker for Build Output Cleanup Cache (C:\Users\Brandon\OneDrive - University of North Georgia\Desktop\MAD Project\.gradle\buildOutputCleanup)"        [_thread_blocked, id=20120, stack(0x0000005880100000,0x0000005880200000) (1024K)]
  0x000001d85e973cc0 JavaThread "File watcher server"        daemon [_thread_in_native, id=8588, stack(0x0000005880200000,0x0000005880300000) (1024K)]
  0x000001d85e970840 JavaThread "File watcher consumer"      daemon [_thread_blocked, id=42488, stack(0x0000005880300000,0x0000005880400000) (1024K)]
  0x000001d85e970ed0 JavaThread "Cache worker for checksums cache (C:\Users\Brandon\OneDrive - University of North Georgia\Desktop\MAD Project\.gradle\8.9\checksums)"        [_thread_blocked, id=27424, stack(0x0000005880400000,0x0000005880500000) (1024K)]
  0x000001d85e972910 JavaThread "Cache worker for file content cache (C:\Users\Brandon\.gradle\caches\8.9\fileContent)"        [_thread_blocked, id=7252, stack(0x0000005880500000,0x0000005880600000) (1024K)]
  0x000001d85e974350 JavaThread "Cache worker for cache directory md-rule (C:\Users\Brandon\.gradle\caches\8.9\md-rule)"        [_thread_blocked, id=47728, stack(0x0000005880600000,0x0000005880700000) (1024K)]
  0x000001d85e9749e0 JavaThread "Cache worker for cache directory md-supplier (C:\Users\Brandon\.gradle\caches\8.9\md-supplier)"        [_thread_blocked, id=10124, stack(0x0000005880700000,0x0000005880800000) (1024K)]
  0x000001d8622b4190 JavaThread "C2 CompilerThread4"         daemon [_thread_in_native, id=34240, stack(0x0000005880800000,0x0000005880900000) (1024K)]
Total: 40

Other Threads:
  0x000001d857256fc0 VMThread "VM Thread"                           [id=35892, stack(0x00000058fc600000,0x00000058fc700000) (1024K)]
  0x000001d8571f55c0 WatcherThread "VM Periodic Task Thread"        [id=11976, stack(0x00000058fc500000,0x00000058fc600000) (1024K)]
  0x000001d83d736fa0 WorkerThread "GC Thread#0"                     [id=45228, stack(0x00000058fc000000,0x00000058fc100000) (1024K)]
  0x000001d85cbbfff0 WorkerThread "GC Thread#1"                     [id=34492, stack(0x00000058fd700000,0x00000058fd800000) (1024K)]
  0x000001d85cc397d0 WorkerThread "GC Thread#2"                     [id=41664, stack(0x00000058fd800000,0x00000058fd900000) (1024K)]
  0x000001d85cbd1140 WorkerThread "GC Thread#3"                     [id=40860, stack(0x00000058fd900000,0x00000058fda00000) (1024K)]
  0x000001d85ce2b960 WorkerThread "GC Thread#4"                     [id=48036, stack(0x00000058fda00000,0x00000058fdb00000) (1024K)]
=>0x000001d85ce2bd00 WorkerThread "GC Thread#5"                     [id=27784, stack(0x00000058fdb00000,0x00000058fdc00000) (1024K)]
  0x000001d85ce2c0a0 WorkerThread "GC Thread#6"                     [id=32564, stack(0x00000058fdc00000,0x00000058fdd00000) (1024K)]
  0x000001d85ce0a970 WorkerThread "GC Thread#7"                     [id=27524, stack(0x00000058fdd00000,0x00000058fde00000) (1024K)]
  0x000001d85c4d2790 WorkerThread "GC Thread#8"                     [id=17736, stack(0x00000058fde00000,0x00000058fdf00000) (1024K)]
  0x000001d85c4d23f0 WorkerThread "GC Thread#9"                     [id=48004, stack(0x00000058fdf00000,0x00000058fe000000) (1024K)]
  0x000001d85c4d2050 WorkerThread "GC Thread#10"                    [id=39036, stack(0x00000058fe000000,0x00000058fe100000) (1024K)]
  0x000001d85c4d2b30 WorkerThread "GC Thread#11"                    [id=41612, stack(0x00000058fe100000,0x00000058fe200000) (1024K)]
  0x000001d85c4d1910 WorkerThread "GC Thread#12"                    [id=43068, stack(0x00000058fe200000,0x00000058fe300000) (1024K)]
  0x000001d85c4d1cb0 WorkerThread "GC Thread#13"                    [id=304, stack(0x00000058fe300000,0x00000058fe400000) (1024K)]
  0x000001d85c4d11d0 WorkerThread "GC Thread#14"                    [id=43356, stack(0x00000058fe400000,0x00000058fe500000) (1024K)]
  0x000001d85c4d1570 WorkerThread "GC Thread#15"                    [id=42684, stack(0x00000058fe500000,0x00000058fe600000) (1024K)]
  0x000001d85cfb87a0 WorkerThread "GC Thread#16"                    [id=40852, stack(0x00000058fe600000,0x00000058fe700000) (1024K)]
  0x000001d85cfba100 WorkerThread "GC Thread#17"                    [id=7904, stack(0x00000058fe700000,0x00000058fe800000) (1024K)]
  0x000001d85cfba4a0 WorkerThread "GC Thread#18"                    [id=47868, stack(0x00000058fe800000,0x00000058fe900000) (1024K)]
  0x000001d85cfb7580 WorkerThread "GC Thread#19"                    [id=28652, stack(0x00000058fe900000,0x00000058fea00000) (1024K)]
  0x000001d85cfb7920 WorkerThread "GC Thread#20"                    [id=40676, stack(0x00000058fea00000,0x00000058feb00000) (1024K)]
  0x000001d85cfb6aa0 WorkerThread "GC Thread#21"                    [id=38868, stack(0x00000058feb00000,0x00000058fec00000) (1024K)]
  0x000001d85cfb7cc0 WorkerThread "GC Thread#22"                    [id=34412, stack(0x00000058fec00000,0x00000058fed00000) (1024K)]
  0x000001d83d7480b0 ConcurrentGCThread "G1 Main Marker"            [id=24644, stack(0x00000058fc100000,0x00000058fc200000) (1024K)]
  0x000001d83d748ab0 WorkerThread "G1 Conc#0"                       [id=32440, stack(0x00000058fc200000,0x00000058fc300000) (1024K)]
  0x000001d85cfb9620 WorkerThread "G1 Conc#1"                       [id=13736, stack(0x00000058ff800000,0x00000058ff900000) (1024K)]
  0x000001d85cfb8400 WorkerThread "G1 Conc#2"                       [id=38332, stack(0x00000058ff900000,0x00000058ffa00000) (1024K)]
  0x000001d85cfb6e40 WorkerThread "G1 Conc#3"                       [id=45236, stack(0x00000058ffa00000,0x00000058ffb00000) (1024K)]
  0x000001d85cfb8ee0 WorkerThread "G1 Conc#4"                       [id=43440, stack(0x00000058ffb00000,0x00000058ffc00000) (1024K)]
  0x000001d85cfb9280 WorkerThread "G1 Conc#5"                       [id=41176, stack(0x00000058ffc00000,0x00000058ffd00000) (1024K)]
  0x000001d85658e480 ConcurrentGCThread "G1 Refine#0"               [id=43152, stack(0x00000058fc300000,0x00000058fc400000) (1024K)]
  0x000001d8570ce030 ConcurrentGCThread "G1 Service"                [id=46916, stack(0x00000058fc400000,0x00000058fc500000) (1024K)]
Total: 34

Threads with active compile tasks:
C2 CompilerThread1     2021 4497   !   4       java.net.URLClassLoader::findClass (47 bytes)
C2 CompilerThread4     2021 4489   !   4       java.net.URLClassLoader$1::run (81 bytes)
Total: 2

VM state: at safepoint (normal execution)

VM Mutex/Monitor currently owned by a thread:  ([mutex/lock_event])
[0x00007ffd31e120c8] Threads_lock - owner thread: 0x000001d857256fc0
[0x00007ffd31e121c8] Heap_lock - owner thread: 0x000001d85da18870

Heap address: 0x0000000080000000, size: 2048 MB, Compressed Oops mode: 32-bit

CDS archive(s) not mapped
Compressed class space mapped at: 0x0000000100000000-0x0000000140000000, reserved size: 1073741824
Narrow klass base: 0x0000000000000000, Narrow klass shift: 3, Narrow klass range: 0x140000000

GC Precious Log:
 CardTable entry size: 512
 Card Set container configuration: InlinePtr #cards 5 size 8 Array Of Cards #cards 12 size 40 Howl #buckets 4 coarsen threshold 1843 Howl Bitmap #cards 512 size 80 coarsen threshold 460 Card regions per heap region 1 cards per card region 2048
 CPUs: 32 total, 32 available
 Memory: 65372M
 Large Page Support: Disabled
 NUMA Support: Disabled
 Compressed Oops: Enabled (32-bit)
 Heap Region Size: 1M
 Heap Min Capacity: 8M
 Heap Initial Capacity: 1022M
 Heap Max Capacity: 2G
 Pre-touch: Disabled
 Parallel Workers: 23
 Concurrent Workers: 6
 Concurrent Refinement Workers: 23
 Periodic GC: Disabled

Heap:
 garbage-first heap   total 87040K, used 73931K [0x0000000080000000, 0x0000000100000000)
  region size 1024K, 46 young (47104K), 3 survivors (3072K)
 Metaspace       used 46453K, committed 47616K, reserved 1114112K
  class space    used 6253K, committed 6848K, reserved 1048576K

Heap Regions: E=young(eden), S=young(survivor), O=old, HS=humongous(starts), HC=humongous(continues), CS=collection set, F=free, TAMS=top-at-mark-start, PB=parsable bottom
|   0|0x0000000080000000, 0x0000000080100000, 0x0000000080100000|100%|HS|  |TAMS 0x0000000080000000| PB 0x0000000080000000| Complete 
|   1|0x0000000080100000, 0x0000000080200000, 0x0000000080200000|100%|HC|  |TAMS 0x0000000080100000| PB 0x0000000080100000| Complete 
|   2|0x0000000080200000, 0x0000000080300000, 0x0000000080300000|100%|HC|  |TAMS 0x0000000080200000| PB 0x0000000080200000| Complete 
|   3|0x0000000080300000, 0x0000000080400000, 0x0000000080400000|100%|HC|  |TAMS 0x0000000080300000| PB 0x0000000080300000| Complete 
|   4|0x0000000080400000, 0x0000000080500000, 0x0000000080500000|100%| O|  |TAMS 0x0000000080400000| PB 0x0000000080400000| Untracked 
|   5|0x0000000080500000, 0x0000000080600000, 0x0000000080600000|100%|HS|  |TAMS 0x0000000080500000| PB 0x0000000080500000| Complete 
|   6|0x0000000080600000, 0x0000000080700000, 0x0000000080700000|100%| O|  |TAMS 0x0000000080600000| PB 0x0000000080600000| Untracked 
|   7|0x0000000080700000, 0x0000000080800000, 0x0000000080800000|100%| O|  |TAMS 0x0000000080700000| PB 0x0000000080700000| Untracked 
|   8|0x0000000080800000, 0x0000000080900000, 0x0000000080900000|100%| O|  |TAMS 0x0000000080800000| PB 0x0000000080800000| Untracked 
|   9|0x0000000080900000, 0x0000000080a00000, 0x0000000080a00000|100%| O|  |TAMS 0x0000000080900000| PB 0x0000000080900000| Untracked 
|  10|0x0000000080a00000, 0x0000000080b00000, 0x0000000080b00000|100%| O|  |TAMS 0x0000000080a00000| PB 0x0000000080a00000| Untracked 
|  11|0x0000000080b00000, 0x0000000080c00000, 0x0000000080c00000|100%| O|  |TAMS 0x0000000080b00000| PB 0x0000000080b00000| Untracked 
|  12|0x0000000080c00000, 0x0000000080d00000, 0x0000000080d00000|100%| O|  |TAMS 0x0000000080c00000| PB 0x0000000080c00000| Untracked 
|  13|0x0000000080d00000, 0x0000000080e00000, 0x0000000080e00000|100%| O|  |TAMS 0x0000000080d00000| PB 0x0000000080d00000| Untracked 
|  14|0x0000000080e00000, 0x0000000080f00000, 0x0000000080f00000|100%| O|  |TAMS 0x0000000080e00000| PB 0x0000000080e00000| Untracked 
|  15|0x0000000080f00000, 0x0000000081000000, 0x0000000081000000|100%| O|  |TAMS 0x0000000080f00000| PB 0x0000000080f00000| Untracked 
|  16|0x0000000081000000, 0x0000000081100000, 0x0000000081100000|100%| O|  |TAMS 0x0000000081000000| PB 0x0000000081000000| Untracked 
|  17|0x0000000081100000, 0x0000000081200000, 0x0000000081200000|100%| O|  |TAMS 0x0000000081100000| PB 0x0000000081100000| Untracked 
|  18|0x0000000081200000, 0x0000000081300000, 0x0000000081300000|100%| O|  |TAMS 0x0000000081200000| PB 0x0000000081200000| Untracked 
|  19|0x0000000081300000, 0x0000000081400000, 0x0000000081400000|100%| O|  |TAMS 0x0000000081300000| PB 0x0000000081300000| Untracked 
|  20|0x0000000081400000, 0x0000000081500000, 0x0000000081500000|100%| O|CS|TAMS 0x0000000081400000| PB 0x0000000081400000| Complete 
|  21|0x0000000081500000, 0x0000000081600000, 0x0000000081600000|100%| O|  |TAMS 0x0000000081500000| PB 0x0000000081500000| Untracked 
|  22|0x0000000081600000, 0x0000000081700000, 0x0000000081700000|100%| O|  |TAMS 0x0000000081600000| PB 0x0000000081600000| Untracked 
|  23|0x0000000081700000, 0x0000000081800000, 0x0000000081800000|100%| O|  |TAMS 0x0000000081700000| PB 0x0000000081700000| Untracked 
|  24|0x0000000081800000, 0x0000000081900000, 0x0000000081900000|100%| O|  |TAMS 0x0000000081800000| PB 0x0000000081800000| Untracked 
|  25|0x0000000081900000, 0x0000000081a00000, 0x0000000081a00000|100%| O|  |TAMS 0x0000000081900000| PB 0x0000000081900000| Untracked 
|  26|0x0000000081a00000, 0x0000000081b00000, 0x0000000081b00000|100%| O|  |TAMS 0x0000000081a00000| PB 0x0000000081a00000| Untracked 
|  27|0x0000000081b00000, 0x0000000081c00000, 0x0000000081c00000|100%| O|  |TAMS 0x0000000081b00000| PB 0x0000000081b00000| Untracked 
|  28|0x0000000081c00000, 0x0000000081c9d738, 0x0000000081d00000| 61%| E|CS|TAMS 0x0000000081c00000| PB 0x0000000081c00000| Complete 
|  29|0x0000000081d00000, 0x0000000081e00000, 0x0000000081e00000|100%| E|CS|TAMS 0x0000000081d00000| PB 0x0000000081d00000| Complete 
|  30|0x0000000081e00000, 0x0000000081f00000, 0x0000000081f00000|100%| E|CS|TAMS 0x0000000081e00000| PB 0x0000000081e00000| Complete 
|  31|0x0000000081f00000, 0x0000000082000000, 0x0000000082000000|100%| E|CS|TAMS 0x0000000081f00000| PB 0x0000000081f00000| Complete 
|  32|0x0000000082000000, 0x0000000082100000, 0x0000000082100000|100%| E|CS|TAMS 0x0000000082000000| PB 0x0000000082000000| Complete 
|  33|0x0000000082100000, 0x0000000082200000, 0x0000000082200000|100%| E|CS|TAMS 0x0000000082100000| PB 0x0000000082100000| Complete 
|  34|0x0000000082200000, 0x0000000082300000, 0x0000000082300000|100%| E|CS|TAMS 0x0000000082200000| PB 0x0000000082200000| Complete 
|  35|0x0000000082300000, 0x0000000082400000, 0x0000000082400000|100%| O|  |TAMS 0x0000000082300000| PB 0x0000000082300000| Untracked 
|  36|0x0000000082400000, 0x00000000824bfc00, 0x0000000082500000| 74%| O|  |TAMS 0x0000000082400000| PB 0x0000000082400000| Untracked 
|  37|0x0000000082500000, 0x0000000082500000, 0x0000000082600000|  0%| F|  |TAMS 0x0000000082500000| PB 0x0000000082500000| Untracked 
|  38|0x0000000082600000, 0x0000000082600000, 0x0000000082700000|  0%| F|  |TAMS 0x0000000082600000| PB 0x0000000082600000| Untracked 
|  39|0x0000000082700000, 0x000000008278b8c0, 0x0000000082800000| 54%| S|  |TAMS 0x0000000082700000| PB 0x0000000082700000| Complete 
|  40|0x0000000082800000, 0x0000000082900000, 0x0000000082900000|100%| S|  |TAMS 0x0000000082800000| PB 0x0000000082800000| Complete 
|  41|0x0000000082900000, 0x0000000082a00000, 0x0000000082a00000|100%| S|  |TAMS 0x0000000082900000| PB 0x0000000082900000| Complete 
|  42|0x0000000082a00000, 0x0000000082b00000, 0x0000000082b00000|100%| E|CS|TAMS 0x0000000082a00000| PB 0x0000000082a00000| Complete 
|  43|0x0000000082b00000, 0x0000000082c00000, 0x0000000082c00000|100%| E|CS|TAMS 0x0000000082b00000| PB 0x0000000082b00000| Complete 
|  44|0x0000000082c00000, 0x0000000082d00000, 0x0000000082d00000|100%| E|CS|TAMS 0x0000000082c00000| PB 0x0000000082c00000| Complete 
|  45|0x0000000082d00000, 0x0000000082e00000, 0x0000000082e00000|100%| E|CS|TAMS 0x0000000082d00000| PB 0x0000000082d00000| Complete 
|  46|0x0000000082e00000, 0x0000000082f00000, 0x0000000082f00000|100%| E|CS|TAMS 0x0000000082e00000| PB 0x0000000082e00000| Complete 
|  47|0x0000000082f00000, 0x0000000083000000, 0x0000000083000000|100%| E|CS|TAMS 0x0000000082f00000| PB 0x0000000082f00000| Complete 
|  48|0x0000000083000000, 0x0000000083100000, 0x0000000083100000|100%| E|CS|TAMS 0x0000000083000000| PB 0x0000000083000000| Complete 
|  49|0x0000000083100000, 0x0000000083200000, 0x0000000083200000|100%| E|CS|TAMS 0x0000000083100000| PB 0x0000000083100000| Complete 
|  50|0x0000000083200000, 0x0000000083300000, 0x0000000083300000|100%| E|CS|TAMS 0x0000000083200000| PB 0x0000000083200000| Complete 
|  51|0x0000000083300000, 0x0000000083400000, 0x0000000083400000|100%| E|CS|TAMS 0x0000000083300000| PB 0x0000000083300000| Complete 
|  52|0x0000000083400000, 0x0000000083500000, 0x0000000083500000|100%| E|CS|TAMS 0x0000000083400000| PB 0x0000000083400000| Complete 
|  53|0x0000000083500000, 0x0000000083600000, 0x0000000083600000|100%| E|CS|TAMS 0x0000000083500000| PB 0x0000000083500000| Complete 
|  54|0x0000000083600000, 0x0000000083700000, 0x0000000083700000|100%| E|CS|TAMS 0x0000000083600000| PB 0x0000000083600000| Complete 
|  55|0x0000000083700000, 0x0000000083800000, 0x0000000083800000|100%| E|CS|TAMS 0x0000000083700000| PB 0x0000000083700000| Complete 
|  56|0x0000000083800000, 0x0000000083900000, 0x0000000083900000|100%| E|CS|TAMS 0x0000000083800000| PB 0x0000000083800000| Complete 
|  57|0x0000000083900000, 0x0000000083a00000, 0x0000000083a00000|100%| E|CS|TAMS 0x0000000083900000| PB 0x0000000083900000| Complete 
|  58|0x0000000083a00000, 0x0000000083b00000, 0x0000000083b00000|100%| E|CS|TAMS 0x0000000083a00000| PB 0x0000000083a00000| Complete 
|  59|0x0000000083b00000, 0x0000000083c00000, 0x0000000083c00000|100%| E|CS|TAMS 0x0000000083b00000| PB 0x0000000083b00000| Complete 
|  60|0x0000000083c00000, 0x0000000083d00000, 0x0000000083d00000|100%| E|CS|TAMS 0x0000000083c00000| PB 0x0000000083c00000| Complete 
|  61|0x0000000083d00000, 0x0000000083e00000, 0x0000000083e00000|100%| E|CS|TAMS 0x0000000083d00000| PB 0x0000000083d00000| Complete 
|  62|0x0000000083e00000, 0x0000000083f00000, 0x0000000083f00000|100%| E|CS|TAMS 0x0000000083e00000| PB 0x0000000083e00000| Complete 
|  63|0x0000000083f00000, 0x0000000084000000, 0x0000000084000000|100%| E|CS|TAMS 0x0000000083f00000| PB 0x0000000083f00000| Complete 
|  64|0x0000000084000000, 0x0000000084100000, 0x0000000084100000|100%| E|CS|TAMS 0x0000000084000000| PB 0x0000000084000000| Complete 
|  65|0x0000000084100000, 0x0000000084200000, 0x0000000084200000|100%| E|CS|TAMS 0x0000000084100000| PB 0x0000000084100000| Complete 
|  66|0x0000000084200000, 0x0000000084300000, 0x0000000084300000|100%| E|CS|TAMS 0x0000000084200000| PB 0x0000000084200000| Complete 
|  67|0x0000000084300000, 0x0000000084400000, 0x0000000084400000|100%| E|CS|TAMS 0x0000000084300000| PB 0x0000000084300000| Complete 
|  68|0x0000000084400000, 0x0000000084500000, 0x0000000084500000|100%| E|CS|TAMS 0x0000000084400000| PB 0x0000000084400000| Complete 
|  69|0x0000000084500000, 0x0000000084600000, 0x0000000084600000|100%| E|CS|TAMS 0x0000000084500000| PB 0x0000000084500000| Complete 
|  70|0x0000000084600000, 0x0000000084700000, 0x0000000084700000|100%| E|CS|TAMS 0x0000000084600000| PB 0x0000000084600000| Complete 
|  71|0x0000000084700000, 0x0000000084800000, 0x0000000084800000|100%| E|CS|TAMS 0x0000000084700000| PB 0x0000000084700000| Complete 
|  72|0x0000000084800000, 0x0000000084900000, 0x0000000084900000|100%| E|CS|TAMS 0x0000000084800000| PB 0x0000000084800000| Complete 
|  73|0x0000000084900000, 0x0000000084a00000, 0x0000000084a00000|100%| E|CS|TAMS 0x0000000084900000| PB 0x0000000084900000| Complete 
|  74|0x0000000084a00000, 0x0000000084b00000, 0x0000000084b00000|100%| E|CS|TAMS 0x0000000084a00000| PB 0x0000000084a00000| Complete 
|  75|0x0000000084b00000, 0x0000000084c00000, 0x0000000084c00000|100%| E|CS|TAMS 0x0000000084b00000| PB 0x0000000084b00000| Complete 
|1000|0x00000000be800000, 0x00000000be900000, 0x00000000be900000|100%| E|CS|TAMS 0x00000000be800000| PB 0x00000000be800000| Complete 
|1001|0x00000000be900000, 0x00000000bea00000, 0x00000000bea00000|100%| E|CS|TAMS 0x00000000be900000| PB 0x00000000be900000| Complete 
|1002|0x00000000bea00000, 0x00000000beb00000, 0x00000000beb00000|100%| E|CS|TAMS 0x00000000bea00000| PB 0x00000000bea00000| Complete 
|1003|0x00000000beb00000, 0x00000000bec00000, 0x00000000bec00000|100%| E|CS|TAMS 0x00000000beb00000| PB 0x00000000beb00000| Complete 
|1004|0x00000000bec00000, 0x00000000bed00000, 0x00000000bed00000|100%| E|CS|TAMS 0x00000000bec00000| PB 0x00000000bec00000| Complete 
|1005|0x00000000bed00000, 0x00000000bee00000, 0x00000000bee00000|100%| E|CS|TAMS 0x00000000bed00000| PB 0x00000000bed00000| Complete 
|1006|0x00000000bee00000, 0x00000000bef00000, 0x00000000bef00000|100%| E|CS|TAMS 0x00000000bee00000| PB 0x00000000bee00000| Complete 
|1007|0x00000000bef00000, 0x00000000bf000000, 0x00000000bf000000|100%| E|CS|TAMS 0x00000000bef00000| PB 0x00000000bef00000| Complete 
|1021|0x00000000bfd00000, 0x00000000bfe00000, 0x00000000bfe00000|100%| E|CS|TAMS 0x00000000bfd00000| PB 0x00000000bfd00000| Complete 

Card table byte_map: [0x000001d850f50000,0x000001d851350000] _byte_map_base: 0x000001d850b50000

Marking Bits: (CMBitMap*) 0x000001d83d7375a0
 Bits: [0x000001d851350000, 0x000001d853350000)

Polling page: 0x000001d83cea0000

Metaspace:

Usage:
  Non-class:     39.26 MB used.
      Class:      6.11 MB used.
       Both:     45.36 MB used.

Virtual space:
  Non-class space:       64.00 MB reserved,      39.81 MB ( 62%) committed,  1 nodes.
      Class space:        1.00 GB reserved,       6.69 MB ( <1%) committed,  1 nodes.
             Both:        1.06 GB reserved,      46.50 MB (  4%) committed. 

Chunk freelists:
   Non-Class:  7.56 MB
       Class:  9.33 MB
        Both:  16.89 MB

MaxMetaspaceSize: unlimited
CompressedClassSpaceSize: 1.00 GB
Initial GC threshold: 21.00 MB
Current GC threshold: 58.88 MB
CDS: off
 - commit_granule_bytes: 65536.
 - commit_granule_words: 8192.
 - virtual_space_node_default_size: 8388608.
 - enlarge_chunks_in_place: 1.
 - use_allocation_guard: 0.


Internal statistics:

num_allocs_failed_limit: 6.
num_arena_births: 2232.
num_arena_deaths: 0.
num_vsnodes_births: 2.
num_vsnodes_deaths: 0.
num_space_committed: 744.
num_space_uncommitted: 0.
num_chunks_returned_to_freelist: 6.
num_chunks_taken_from_freelist: 3904.
num_chunk_merges: 6.
num_chunk_splits: 2535.
num_chunks_enlarged: 1563.
num_inconsistent_stats: 0.

CodeHeap 'non-profiled nmethods': size=118848Kb used=2335Kb max_used=2335Kb free=116512Kb
 bounds [0x000001d848410000, 0x000001d848680000, 0x000001d84f820000]
CodeHeap 'profiled nmethods': size=118848Kb used=8249Kb max_used=8249Kb free=110598Kb
 bounds [0x000001d840820000, 0x000001d841030000, 0x000001d847c30000]
CodeHeap 'non-nmethods': size=8064Kb used=4148Kb max_used=4186Kb free=3916Kb
 bounds [0x000001d847c30000, 0x000001d848050000, 0x000001d848410000]
 total_blobs=4830 nmethods=4139 adapters=591
 compilation: enabled
              stopped_count=0, restarted_count=0
 full_count=0

Compilation events (20 events):
Event: 1.982 Thread 0x000001d857623360 nmethod 4520 0x000001d84102a490 code [0x000001d84102a6a0, 0x000001d84102aca0]
Event: 1.982 Thread 0x000001d85732e080 nmethod 4522 0x000001d84102af10 code [0x000001d84102b180, 0x000001d84102b950]
Event: 1.982 Thread 0x000001d857311710 nmethod 4523 0x000001d84864bd90 code [0x000001d84864bf20, 0x000001d84864bfe0]
Event: 1.983 Thread 0x000001d85732e080 4524       3       java.io.File::getName (42 bytes)
Event: 1.983 Thread 0x000001d85732e080 nmethod 4524 0x000001d84102bd10 code [0x000001d84102bf60, 0x000001d84102c788]
Event: 1.984 Thread 0x000001d85d76e2f0 4525   !   3       java.util.zip.ZipFile$CleanableResource::run (251 bytes)
Event: 1.985 Thread 0x000001d85d76e2f0 nmethod 4525 0x000001d84102cb10 code [0x000001d84102cde0, 0x000001d84102de50]
Event: 1.986 Thread 0x000001d857311710 4526       4       org.gradle.api.internal.classpath.DefaultModuleRegistry::getModules (51 bytes)
Event: 1.986 Thread 0x000001d857976540 nmethod 4453 0x000001d84864c090 code [0x000001d84864c5e0, 0x000001d848651d00]
Event: 1.986 Thread 0x000001d8578b6fa0 4527       4       java.util.AbstractList$Itr::hasNext (20 bytes)
Event: 1.987 Thread 0x000001d857976540 4528   !   4       java.util.AbstractList$Itr::next (46 bytes)
Event: 1.987 Thread 0x000001d8578b6fa0 nmethod 4527 0x000001d848655790 code [0x000001d848655920, 0x000001d8486559e8]
Event: 1.987 Thread 0x000001d8578b6fa0 4529       4       org.gradle.internal.classpath.DefaultClassPath$ImmutableUniqueList::get (57 bytes)
Event: 1.987 Thread 0x000001d8578b6fa0 nmethod 4529 0x000001d848655a90 code [0x000001d848655c20, 0x000001d848655d10]
Event: 1.987 Thread 0x000001d857976540 nmethod 4528 0x000001d848655e10 code [0x000001d848655fc0, 0x000001d848656128]
Event: 1.987 Thread 0x000001d8578b6fa0 4530 %     4       java.util.LinkedHashMap::keysToArray @ 51 (80 bytes)
Event: 1.989 Thread 0x000001d8578b6fa0 nmethod 4530% 0x000001d848656290 code [0x000001d848656420, 0x000001d8486566f0]
Event: 1.991 Thread 0x000001d857976540 4531       4       java.util.LinkedHashMap::keysToArray (80 bytes)
Event: 1.992 Thread 0x000001d857976540 nmethod 4531 0x000001d848656810 code [0x000001d8486569a0, 0x000001d848656be0]
Event: 1.993 Thread 0x000001d857311710 nmethod 4526 0x000001d848656d10 code [0x000001d848656f40, 0x000001d848657790]

GC Heap History (15 events):
Event: 0.432 GC heap before
{Heap before GC invocations=0 (full 0):
 garbage-first heap   total 1046528K, used 55296K [0x0000000080000000, 0x0000000100000000)
  region size 1024K, 51 young (52224K), 0 survivors (0K)
 Metaspace       used 12122K, committed 12352K, reserved 1114112K
  class space    used 1279K, committed 1408K, reserved 1048576K
}
Event: 0.436 GC heap after
{Heap after GC invocations=1 (full 0):
 garbage-first heap   total 1046528K, used 11664K [0x0000000080000000, 0x0000000100000000)
  region size 1024K, 7 young (7168K), 7 survivors (7168K)
 Metaspace       used 12122K, committed 12352K, reserved 1114112K
  class space    used 1279K, committed 1408K, reserved 1048576K
}
Event: 0.725 GC heap before
{Heap before GC invocations=1 (full 0):
 garbage-first heap   total 1046528K, used 69008K [0x0000000080000000, 0x0000000100000000)
  region size 1024K, 61 young (62464K), 7 survivors (7168K)
 Metaspace       used 17720K, committed 18048K, reserved 1114112K
  class space    used 2028K, committed 2176K, reserved 1048576K
}
Event: 0.727 GC heap after
{Heap after GC invocations=2 (full 0):
 garbage-first heap   total 1046528K, used 19373K [0x0000000080000000, 0x0000000100000000)
  region size 1024K, 7 young (7168K), 7 survivors (7168K)
 Metaspace       used 17720K, committed 18048K, reserved 1114112K
  class space    used 2028K, committed 2176K, reserved 1048576K
}
Event: 0.862 GC heap before
{Heap before GC invocations=2 (full 0):
 garbage-first heap   total 1046528K, used 32685K [0x0000000080000000, 0x0000000100000000)
  region size 1024K, 21 young (21504K), 7 survivors (7168K)
 Metaspace       used 21219K, committed 21504K, reserved 1114112K
  class space    used 2473K, committed 2624K, reserved 1048576K
}
Event: 0.864 GC heap after
{Heap after GC invocations=3 (full 0):
 garbage-first heap   total 1046528K, used 20418K [0x0000000080000000, 0x0000000100000000)
  region size 1024K, 8 young (8192K), 8 survivors (8192K)
 Metaspace       used 21219K, committed 21504K, reserved 1114112K
  class space    used 2473K, committed 2624K, reserved 1048576K
}
Event: 1.266 GC heap before
{Heap before GC invocations=4 (full 0):
 garbage-first heap   total 75776K, used 73666K [0x0000000080000000, 0x0000000100000000)
  region size 1024K, 61 young (62464K), 8 survivors (8192K)
 Metaspace       used 29690K, committed 30272K, reserved 1114112K
  class space    used 3873K, committed 4160K, reserved 1048576K
}
Event: 1.269 GC heap after
{Heap after GC invocations=5 (full 0):
 garbage-first heap   total 87040K, used 23389K [0x0000000080000000, 0x0000000100000000)
  region size 1024K, 11 young (11264K), 11 survivors (11264K)
 Metaspace       used 29690K, committed 30272K, reserved 1114112K
  class space    used 3873K, committed 4160K, reserved 1048576K
}
Event: 1.542 GC heap before
{Heap before GC invocations=5 (full 0):
 garbage-first heap   total 87040K, used 64349K [0x0000000080000000, 0x0000000100000000)
  region size 1024K, 51 young (52224K), 11 survivors (11264K)
 Metaspace       used 35138K, committed 35968K, reserved 1114112K
  class space    used 4770K, committed 5184K, reserved 1048576K
}
Event: 1.544 GC heap after
{Heap after GC invocations=6 (full 0):
 garbage-first heap   total 87040K, used 25627K [0x0000000080000000, 0x0000000100000000)
  region size 1024K, 6 young (6144K), 6 survivors (6144K)
 Metaspace       used 35138K, committed 35968K, reserved 1114112K
  class space    used 4770K, committed 5184K, reserved 1048576K
}
Event: 1.551 GC heap before
{Heap before GC invocations=6 (full 0):
 garbage-first heap   total 87040K, used 25627K [0x0000000080000000, 0x0000000100000000)
  region size 1024K, 7 young (7168K), 6 survivors (6144K)
 Metaspace       used 35241K, committed 36096K, reserved 1114112K
  class space    used 4788K, committed 5248K, reserved 1048576K
}
Event: 1.553 GC heap after
{Heap after GC invocations=7 (full 0):
 garbage-first heap   total 87040K, used 26063K [0x0000000080000000, 0x0000000100000000)
  region size 1024K, 3 young (3072K), 3 survivors (3072K)
 Metaspace       used 35241K, committed 36096K, reserved 1114112K
  class space    used 4788K, committed 5248K, reserved 1048576K
}
Event: 1.839 GC heap before
{Heap before GC invocations=8 (full 0):
 garbage-first heap   total 87040K, used 73167K [0x0000000080000000, 0x0000000100000000)
  region size 1024K, 50 young (51200K), 3 survivors (3072K)
 Metaspace       used 44232K, committed 45440K, reserved 1114112K
  class space    used 5987K, committed 6592K, reserved 1048576K
}
Event: 1.840 GC heap after
{Heap after GC invocations=9 (full 0):
 garbage-first heap   total 87040K, used 29899K [0x0000000080000000, 0x0000000100000000)
  region size 1024K, 7 young (7168K), 7 survivors (7168K)
 Metaspace       used 44232K, committed 45440K, reserved 1114112K
  class space    used 5987K, committed 6592K, reserved 1048576K
}
Event: 1.995 GC heap before
{Heap before GC invocations=9 (full 0):
 garbage-first heap   total 87040K, used 72907K [0x0000000080000000, 0x0000000100000000)
  region size 1024K, 50 young (51200K), 7 survivors (7168K)
 Metaspace       used 46453K, committed 47616K, reserved 1114112K
  class space    used 6253K, committed 6848K, reserved 1048576K
}

Dll operation events (3 events):
Event: 0.004 Loaded shared library C:\Program Files\Android\Android Studio\jbr\bin\java.dll
Event: 0.010 Loaded shared library C:\Program Files\Android\Android Studio\jbr\bin\zip.dll
Event: 0.220 Loaded shared library C:\Program Files\Android\Android Studio\jbr\bin\verify.dll

Deoptimization events (20 events):
Event: 1.880 Thread 0x000001d85da18870 DEOPT PACKING pc=0x000001d84860d6dc sp=0x00000058ff4f8bd0
Event: 1.880 Thread 0x000001d85da18870 DEOPT UNPACKING pc=0x000001d847c846a2 sp=0x00000058ff4f8b20 mode 2
Event: 1.923 Thread 0x000001d85da18870 DEOPT PACKING pc=0x000001d840e0840a sp=0x00000058ff4f8e70
Event: 1.923 Thread 0x000001d85da18870 DEOPT UNPACKING pc=0x000001d847c84e42 sp=0x00000058ff4f8398 mode 0
Event: 1.938 Thread 0x000001d85da18870 DEOPT PACKING pc=0x000001d840da9db6 sp=0x00000058ff4fa930
Event: 1.938 Thread 0x000001d85da18870 DEOPT UNPACKING pc=0x000001d847c84e42 sp=0x00000058ff4f9e78 mode 0
Event: 1.983 Thread 0x000001d85da18870 DEOPT PACKING pc=0x000001d84087cea1 sp=0x00000058ff4f9480
Event: 1.983 Thread 0x000001d85da18870 DEOPT UNPACKING pc=0x000001d847c84e42 sp=0x00000058ff4f8970 mode 0
Event: 1.983 Thread 0x000001d85da18870 DEOPT PACKING pc=0x000001d840a7544e sp=0x00000058ff4f9490
Event: 1.983 Thread 0x000001d85da18870 DEOPT UNPACKING pc=0x000001d847c84e42 sp=0x00000058ff4f8978 mode 0
Event: 1.983 Thread 0x000001d85da18870 Uncommon trap: trap_request=0xffffffcc fr.pc=0x000001d84863b098 relative=0x0000000000000158
Event: 1.983 Thread 0x000001d85da18870 Uncommon trap: reason=intrinsic_or_type_checked_inlining action=make_not_entrant pc=0x000001d84863b098 method=java.util.ArrayList$SubList.toArray([Ljava/lang/Object;)[Ljava/lang/Object; @ 58 c2
Event: 1.983 Thread 0x000001d85da18870 DEOPT PACKING pc=0x000001d84863b098 sp=0x00000058ff4f9450
Event: 1.983 Thread 0x000001d85da18870 DEOPT UNPACKING pc=0x000001d847c846a2 sp=0x00000058ff4f93f0 mode 2
Event: 1.984 Thread 0x000001d85da18870 DEOPT PACKING pc=0x000001d840a7544e sp=0x00000058ff4f92a0
Event: 1.984 Thread 0x000001d85da18870 DEOPT UNPACKING pc=0x000001d847c84e42 sp=0x00000058ff4f8788 mode 0
Event: 1.984 Thread 0x000001d85da18870 DEOPT PACKING pc=0x000001d84087cea1 sp=0x00000058ff4f9290
Event: 1.984 Thread 0x000001d85da18870 DEOPT UNPACKING pc=0x000001d847c84e42 sp=0x00000058ff4f8780 mode 0
Event: 1.991 Thread 0x000001d85da18870 DEOPT PACKING pc=0x000001d840afc773 sp=0x00000058ff4f96f0
Event: 1.991 Thread 0x000001d85da18870 DEOPT UNPACKING pc=0x000001d847c84e42 sp=0x00000058ff4f8b68 mode 0

Classes loaded (20 events):
Event: 1.883 Loading class jdk/internal/jimage/ImageReader$Resource
Event: 1.883 Loading class jdk/internal/jimage/ImageReader$Resource done
Event: 1.923 Loading class java/util/WeakHashMap$KeyIterator
Event: 1.923 Loading class java/util/WeakHashMap$HashIterator
Event: 1.923 Loading class java/util/WeakHashMap$HashIterator done
Event: 1.923 Loading class java/util/WeakHashMap$KeyIterator done
Event: 1.931 Loading class java/lang/ThreadLocal$SuppliedThreadLocal
Event: 1.931 Loading class java/lang/ThreadLocal$SuppliedThreadLocal done
Event: 1.937 Loading class sun/nio/fs/WindowsPath$1
Event: 1.937 Loading class sun/nio/fs/WindowsPath$1 done
Event: 1.937 Loading class sun/nio/fs/WindowsException
Event: 1.937 Loading class sun/nio/fs/WindowsException done
Event: 1.952 Loading class java/util/Collections$SynchronizedRandomAccessList
Event: 1.952 Loading class java/util/Collections$SynchronizedList
Event: 1.953 Loading class java/util/Collections$SynchronizedList done
Event: 1.953 Loading class java/util/Collections$SynchronizedRandomAccessList done
Event: 1.966 Loading class java/util/regex/Pattern$Pos
Event: 1.966 Loading class java/util/regex/Pattern$Pos done
Event: 1.967 Loading class java/security/CodeSigner
Event: 1.967 Loading class java/security/CodeSigner done

Classes unloaded (0 events):
No events

Classes redefined (0 events):
No events

Internal exceptions (20 events):
Event: 1.823 Thread 0x000001d85da18870 Exception <a 'java/lang/ClassNotFoundException'{0x00000000825ac5f0}: groovy/lang/MetaClassImplBeanInfo> (0x00000000825ac5f0) 
thrown [s\src\hotspot\share\classfile\systemDictionary.cpp, line 312]
Event: 1.823 Thread 0x000001d85da18870 Exception <a 'java/lang/ClassNotFoundException'{0x00000000825b0e78}: java/lang/ObjectBeanInfo> (0x00000000825b0e78) 
thrown [s\src\hotspot\share\classfile\systemDictionary.cpp, line 312]
Event: 1.823 Thread 0x000001d85da18870 Exception <a 'java/lang/ClassNotFoundException'{0x00000000825b6740}: java/lang/ObjectCustomizer> (0x00000000825b6740) 
thrown [s\src\hotspot\share\classfile\systemDictionary.cpp, line 312]
Event: 1.824 Thread 0x000001d85da18870 Exception <a 'java/lang/IncompatibleClassChangeError'{0x00000000825c4c28}: Found class java.lang.Object, but interface was expected> (0x00000000825c4c28) 
thrown [s\src\hotspot\share\interpreter\linkResolver.cpp, line 851]
Event: 1.825 Thread 0x000001d85da18870 Exception <a 'java/lang/ClassNotFoundException'{0x00000000825de740}: groovy/lang/MetaClassImplCustomizer> (0x00000000825de740) 
thrown [s\src\hotspot\share\classfile\systemDictionary.cpp, line 312]
Event: 1.826 Thread 0x000001d85da18870 Exception <a 'java/lang/ClassNotFoundException'{0x00000000824069c0}: groovy/lang/ExpandoMetaClassCustomizer> (0x00000000824069c0) 
thrown [s\src\hotspot\share\classfile\systemDictionary.cpp, line 312]
Event: 1.867 Thread 0x000001d85da18870 Exception <a 'java/lang/NoSuchMethodError'{0x00000000bec93138}: 'java.lang.Object java.lang.invoke.DirectMethodHandle$Holder.invokeStatic(java.lang.Object, int, java.lang.Object)'> (0x00000000bec93138) 
thrown [s\src\hotspot\share\interpreter\linkResolver.cpp, line 784]
Event: 1.926 Thread 0x000001d85da18870 Exception <a 'java/lang/ClassNotFoundException'{0x0000000083c8d2c8}: org/gradle/internal/extensibility/DefaultExtraPropertiesExtensionBeanInfo> (0x0000000083c8d2c8) 
thrown [s\src\hotspot\share\classfile\systemDictionary.cpp, line 312]
Event: 1.926 Thread 0x000001d85da18870 Exception <a 'java/lang/ClassNotFoundException'{0x0000000083c95490}: groovy/lang/GroovyObjectSupportBeanInfo> (0x0000000083c95490) 
thrown [s\src\hotspot\share\classfile\systemDictionary.cpp, line 312]
Event: 1.926 Thread 0x000001d85da18870 Exception <a 'java/lang/ClassNotFoundException'{0x0000000083c9d660}: groovy/lang/GroovyObjectSupportCustomizer> (0x0000000083c9d660) 
thrown [s\src\hotspot\share\classfile\systemDictionary.cpp, line 312]
Event: 1.927 Thread 0x000001d85da18870 Exception <a 'java/lang/ClassNotFoundException'{0x0000000083cb7290}: org/gradle/internal/extensibility/DefaultExtraPropertiesExtensionCustomizer> (0x0000000083cb7290) 
thrown [s\src\hotspot\share\classfile\systemDictionary.cpp, line 312]
Event: 1.929 Thread 0x000001d85da18870 Exception <a 'java/lang/IncompatibleClassChangeError'{0x0000000083cd2198}: Found class java.lang.Object, but interface was expected> (0x0000000083cd2198) 
thrown [s\src\hotspot\share\interpreter\linkResolver.cpp, line 851]
Event: 1.937 Thread 0x000001d85da18870 Exception <a 'sun/nio/fs/WindowsException'{0x0000000083ba0408}> (0x0000000083ba0408) 
thrown [s\src\hotspot\share\prims\jni.cpp, line 535]
Event: 1.938 Thread 0x000001d85da18870 Exception <a 'sun/nio/fs/WindowsException'{0x0000000083ba1930}> (0x0000000083ba1930) 
thrown [s\src\hotspot\share\prims\jni.cpp, line 535]
Event: 1.938 Thread 0x000001d85da18870 Exception <a 'sun/nio/fs/WindowsException'{0x0000000083ba2e00}> (0x0000000083ba2e00) 
thrown [s\src\hotspot\share\prims\jni.cpp, line 535]
Event: 1.938 Thread 0x000001d85da18870 Exception <a 'sun/nio/fs/WindowsException'{0x0000000083ba4300}> (0x0000000083ba4300) 
thrown [s\src\hotspot\share\prims\jni.cpp, line 535]
Event: 1.947 Thread 0x000001d85da18870 Exception <a 'java/lang/NoSuchMethodError'{0x0000000083ad1d90}: 'java.lang.Object java.lang.invoke.Invokers$Holder.invoker(java.lang.Object, java.lang.Object, java.lang.Object, java.lang.Object, java.lang.Object, java.lang.Object)'> (0x0000000083ad1d90) 
thrown [s\src\hotspot\share\interpreter\linkResolver.cpp, line 784]
Event: 1.957 Thread 0x000001d85da18870 Exception <a 'java/lang/NoSuchMethodError'{0x00000000839a9dc8}: 'java.lang.Object java.lang.invoke.Invokers$Holder.invoker(java.lang.Object, java.lang.Object, java.lang.Object, java.lang.Object, java.lang.Object)'> (0x00000000839a9dc8) 
thrown [s\src\hotspot\share\interpreter\linkResolver.cpp, line 784]
Event: 1.958 Thread 0x000001d85da18870 Exception <a 'java/lang/NoSuchMethodError'{0x00000000839c9ad8}: 'java.lang.Object java.lang.invoke.Invokers$Holder.invoker(java.lang.Object, java.lang.Object, java.lang.Object, java.lang.Object, java.lang.Object, java.lang.Object, java.lang.Object, java.lang.Object, java.lang.Object, java.lang.Object, java.lang.Object, java.lang.Object, java.lang.Object, java.lang.Object, java.lang.Object, java.lang.Object, java.lang.Object, java.lang.Object, java.lang.Object, java.lang.Object, java.lang.Object, java.lang.
Event: 1.958 Thread 0x000001d85da18870 Exception <a 'java/lang/NoSuchMethodError'{0x00000000839d0088}: 'java.lang.Object java.lang.invoke.DelegatingMethodHandle$Holder.delegate(java.lang.Object, java.lang.Object, java.lang.Object, java.lang.Object, java.lang.Object, java.lang.Object, java.lang.Object, java.lang.Object, java.lang.Object, java.lang.Object, java.lang.Object, java.lang.Object, java.lang.Object, java.lang.Object, java.lang.Object, java.lang.Object, java.lang.Object, java.lang.Object, java.lang.Object, java.lang.Object, java.lang.Obj

ZGC Phase Switch (0 events):
No events

VM Operations (20 events):
Event: 1.788 Executing VM operation: HandshakeAllThreads (Deoptimize) done
Event: 1.838 Executing VM operation: G1CollectForAllocation (G1 Evacuation Pause)
Event: 1.840 Executing VM operation: G1CollectForAllocation (G1 Evacuation Pause) done
Event: 1.848 Executing VM operation: HandshakeAllThreads (Deoptimize)
Event: 1.848 Executing VM operation: HandshakeAllThreads (Deoptimize) done
Event: 1.849 Executing VM operation: HandshakeAllThreads (Deoptimize)
Event: 1.849 Executing VM operation: HandshakeAllThreads (Deoptimize) done
Event: 1.850 Executing VM operation: HandshakeAllThreads (Deoptimize)
Event: 1.851 Executing VM operation: HandshakeAllThreads (Deoptimize) done
Event: 1.852 Executing VM operation: HandshakeAllThreads (Deoptimize)
Event: 1.852 Executing VM operation: HandshakeAllThreads (Deoptimize) done
Event: 1.856 Executing VM operation: HandshakeAllThreads (Deoptimize)
Event: 1.856 Executing VM operation: HandshakeAllThreads (Deoptimize) done
Event: 1.882 Executing VM operation: HandshakeAllThreads (Deoptimize)
Event: 1.882 Executing VM operation: HandshakeAllThreads (Deoptimize) done
Event: 1.938 Executing VM operation: HandshakeAllThreads (Deoptimize)
Event: 1.938 Executing VM operation: HandshakeAllThreads (Deoptimize) done
Event: 1.980 Executing VM operation: ICBufferFull
Event: 1.980 Executing VM operation: ICBufferFull done
Event: 1.995 Executing VM operation: G1CollectForAllocation (G1 Evacuation Pause)

Events (20 events):
Event: 1.557 Thread 0x000001d857256fc0 flushing nmethod 0x000001d84848bb10
Event: 1.557 Thread 0x000001d857256fc0 flushing nmethod 0x000001d84848b790
Event: 1.557 Thread 0x000001d857256fc0 flushing nmethod 0x000001d84841de90
Event: 1.557 Thread 0x000001d857256fc0 flushing nmethod 0x000001d84847c490
Event: 1.557 Thread 0x000001d857256fc0 flushing nmethod 0x000001d84841c110
Event: 1.557 Thread 0x000001d857256fc0 flushing nmethod 0x000001d84847bd10
Event: 1.557 Thread 0x000001d857256fc0 flushing nmethod 0x000001d848455c90
Event: 1.557 Thread 0x000001d857256fc0 flushing nmethod 0x000001d848449090
Event: 1.557 Thread 0x000001d857256fc0 flushing nmethod 0x000001d848448590
Event: 1.557 Thread 0x000001d857256fc0 flushing nmethod 0x000001d848448290
Event: 1.557 Thread 0x000001d857256fc0 flushing nmethod 0x000001d84844f390
Event: 1.557 Thread 0x000001d857256fc0 flushing nmethod 0x000001d84844d810
Event: 1.557 Thread 0x000001d857256fc0 flushing nmethod 0x000001d84843b490
Event: 1.557 Thread 0x000001d857256fc0 flushing nmethod 0x000001d848435b10
Event: 1.557 Thread 0x000001d857256fc0 flushing nmethod 0x000001d84842aa90
Event: 1.557 Thread 0x000001d857256fc0 flushing nmethod 0x000001d848419510
Event: 1.563 Thread 0x000001d85e972910 Thread added: 0x000001d85e972910
Event: 1.615 Thread 0x000001d85e974350 Thread added: 0x000001d85e974350
Event: 1.673 Thread 0x000001d85e9749e0 Thread added: 0x000001d85e9749e0
Event: 1.922 Thread 0x000001d8622b4190 Thread added: 0x000001d8622b4190


Dynamic libraries:
0x00007ff65bb30000 - 0x00007ff65bb3a000 	C:\Program Files\Android\Android Studio\jbr\bin\java.exe
0x00007ffe1f990000 - 0x00007ffe1fba7000 	C:\WINDOWS\SYSTEM32\ntdll.dll
0x00007ffe1ef90000 - 0x00007ffe1f054000 	C:\WINDOWS\System32\KERNEL32.DLL
0x00007ffe1d130000 - 0x00007ffe1d4e9000 	C:\WINDOWS\System32\KERNELBASE.dll
0x00007ffe1cc90000 - 0x00007ffe1cda1000 	C:\WINDOWS\System32\ucrtbase.dll
0x00007ffe19e70000 - 0x00007ffe19e8b000 	C:\Program Files\Android\Android Studio\jbr\bin\VCRUNTIME140.dll
0x00007ffdee3a0000 - 0x00007ffdee3b8000 	C:\Program Files\Android\Android Studio\jbr\bin\jli.dll
0x00007ffe1e4b0000 - 0x00007ffe1e65e000 	C:\WINDOWS\System32\USER32.dll
0x00007ffe116d0000 - 0x00007ffe11962000 	C:\WINDOWS\WinSxS\amd64_microsoft.windows.common-controls_6595b64144ccf1df_6.0.22621.4391_none_2715d37f73803e96\COMCTL32.dll
0x00007ffe1cea0000 - 0x00007ffe1cec6000 	C:\WINDOWS\System32\win32u.dll
0x00007ffe1f700000 - 0x00007ffe1f7a7000 	C:\WINDOWS\System32\msvcrt.dll
0x00007ffe1e660000 - 0x00007ffe1e689000 	C:\WINDOWS\System32\GDI32.dll
0x00007ffe1d590000 - 0x00007ffe1d6ab000 	C:\WINDOWS\System32\gdi32full.dll
0x00007ffe1d4f0000 - 0x00007ffe1d58a000 	C:\WINDOWS\System32\msvcp_win.dll
0x00007ffe1f0e0000 - 0x00007ffe1f111000 	C:\WINDOWS\System32\IMM32.DLL
0x00007ffe19e60000 - 0x00007ffe19e6c000 	C:\Program Files\Android\Android Studio\jbr\bin\vcruntime140_1.dll
0x00007ffd618e0000 - 0x00007ffd6196d000 	C:\Program Files\Android\Android Studio\jbr\bin\msvcp140.dll
0x00007ffd31270000 - 0x00007ffd31eed000 	C:\Program Files\Android\Android Studio\jbr\bin\server\jvm.dll
0x00007ffe1dae0000 - 0x00007ffe1db92000 	C:\WINDOWS\System32\ADVAPI32.dll
0x00007ffe1d8d0000 - 0x00007ffe1d977000 	C:\WINDOWS\System32\sechost.dll
0x00007ffe1ce70000 - 0x00007ffe1ce98000 	C:\WINDOWS\System32\bcrypt.dll
0x00007ffe1d6b0000 - 0x00007ffe1d7c4000 	C:\WINDOWS\System32\RPCRT4.dll
0x00007ffe1f060000 - 0x00007ffe1f0d1000 	C:\WINDOWS\System32\WS2_32.dll
0x00007ffe1bc30000 - 0x00007ffe1bc7d000 	C:\WINDOWS\SYSTEM32\POWRPROF.dll
0x00007ffe14850000 - 0x00007ffe1485a000 	C:\WINDOWS\SYSTEM32\VERSION.dll
0x00007ffe0e7d0000 - 0x00007ffe0e804000 	C:\WINDOWS\SYSTEM32\WINMM.dll
0x00007ffe1bc10000 - 0x00007ffe1bc23000 	C:\WINDOWS\SYSTEM32\UMPDC.dll
0x00007ffe1bd80000 - 0x00007ffe1bd98000 	C:\WINDOWS\SYSTEM32\kernel.appcore.dll
0x00007ffe17a90000 - 0x00007ffe17a9a000 	C:\Program Files\Android\Android Studio\jbr\bin\jimage.dll
0x00007ffe0dd10000 - 0x00007ffe0df42000 	C:\WINDOWS\SYSTEM32\DBGHELP.DLL
0x00007ffe1ec00000 - 0x00007ffe1ef8f000 	C:\WINDOWS\System32\combase.dll
0x00007ffe1f520000 - 0x00007ffe1f5f7000 	C:\WINDOWS\System32\OLEAUT32.dll
0x00007ffdfe130000 - 0x00007ffdfe162000 	C:\WINDOWS\SYSTEM32\dbgcore.DLL
0x00007ffe1d040000 - 0x00007ffe1d0bb000 	C:\WINDOWS\System32\bcryptPrimitives.dll
0x00007ffdee5f0000 - 0x00007ffdee5fe000 	C:\Program Files\Android\Android Studio\jbr\bin\instrument.dll
0x00007ffe17a70000 - 0x00007ffe17a8f000 	C:\Program Files\Android\Android Studio\jbr\bin\java.dll
0x00007ffe16cf0000 - 0x00007ffe16d08000 	C:\Program Files\Android\Android Studio\jbr\bin\zip.dll
0x00007ffe1dbf0000 - 0x00007ffe1e466000 	C:\WINDOWS\System32\SHELL32.dll
0x00007ffe1ab80000 - 0x00007ffe1b483000 	C:\WINDOWS\SYSTEM32\windows.storage.dll
0x00007ffe1aa40000 - 0x00007ffe1ab7f000 	C:\WINDOWS\SYSTEM32\wintypes.dll
0x00007ffe1d7d0000 - 0x00007ffe1d8c9000 	C:\WINDOWS\System32\SHCORE.dll
0x00007ffe1f7d0000 - 0x00007ffe1f82e000 	C:\WINDOWS\System32\shlwapi.dll
0x00007ffe1cbc0000 - 0x00007ffe1cbeb000 	C:\WINDOWS\SYSTEM32\profapi.dll
0x00007ffe16d70000 - 0x00007ffe16d80000 	C:\Program Files\Android\Android Studio\jbr\bin\net.dll
0x00007ffe18930000 - 0x00007ffe18a66000 	C:\WINDOWS\SYSTEM32\WINHTTP.dll
0x00007ffe1c1f0000 - 0x00007ffe1c259000 	C:\WINDOWS\system32\mswsock.dll
0x00007ffe16cb0000 - 0x00007ffe16cc6000 	C:\Program Files\Android\Android Studio\jbr\bin\nio.dll
0x00007ffe018e0000 - 0x00007ffe018f0000 	C:\Program Files\Android\Android Studio\jbr\bin\verify.dll
0x00007ffdeb8c0000 - 0x00007ffdeb8e7000 	C:\Users\Brandon\.gradle\native\c067742578af261105cb4f569cf0c3c89f3d7b1fecec35dd04571415982c5e48\windows-amd64\native-platform.dll
0x00007ffd4e120000 - 0x00007ffd4e264000 	C:\Users\Brandon\.gradle\native\100fb08df4bc3b14c8652ba06237920a3bd2aa13389f12d3474272988ae205f9\windows-amd64\native-platform-file-events.dll
0x00007ffe0a5f0000 - 0x00007ffe0a5f9000 	C:\Program Files\Android\Android Studio\jbr\bin\management.dll
0x00007ffe0a410000 - 0x00007ffe0a41b000 	C:\Program Files\Android\Android Studio\jbr\bin\management_ext.dll
0x00007ffe1f7c0000 - 0x00007ffe1f7c8000 	C:\WINDOWS\System32\PSAPI.DLL
0x00007ffe1c540000 - 0x00007ffe1c55b000 	C:\WINDOWS\SYSTEM32\CRYPTSP.dll
0x00007ffe1bce0000 - 0x00007ffe1bd15000 	C:\WINDOWS\system32\rsaenh.dll
0x00007ffe1c290000 - 0x00007ffe1c2b8000 	C:\WINDOWS\SYSTEM32\USERENV.dll
0x00007ffe1c520000 - 0x00007ffe1c52c000 	C:\WINDOWS\SYSTEM32\CRYPTBASE.dll
0x00007ffe1b6e0000 - 0x00007ffe1b70d000 	C:\WINDOWS\SYSTEM32\IPHLPAPI.DLL
0x00007ffe1f940000 - 0x00007ffe1f949000 	C:\WINDOWS\System32\NSI.dll
0x00007ffe16ce0000 - 0x00007ffe16ce9000 	C:\Program Files\Android\Android Studio\jbr\bin\extnet.dll
0x00007ffdffd20000 - 0x00007ffdffd28000 	C:\WINDOWS\system32\wshunix.dll

dbghelp: loaded successfully - version: 4.0.5 - missing functions: none
symbol engine: initialized successfully - sym options: 0x614 - pdb path: .;C:\Program Files\Android\Android Studio\jbr\bin;C:\WINDOWS\SYSTEM32;C:\WINDOWS\WinSxS\amd64_microsoft.windows.common-controls_6595b64144ccf1df_6.0.22621.4391_none_2715d37f73803e96;C:\Program Files\Android\Android Studio\jbr\bin\server;C:\Users\Brandon\.gradle\native\c067742578af261105cb4f569cf0c3c89f3d7b1fecec35dd04571415982c5e48\windows-amd64;C:\Users\Brandon\.gradle\native\100fb08df4bc3b14c8652ba06237920a3bd2aa13389f12d3474272988ae205f9\windows-amd64

VM Arguments:
jvm_args: --add-opens=java.base/java.util=ALL-UNNAMED --add-opens=java.base/java.lang=ALL-UNNAMED --add-opens=java.base/java.lang.invoke=ALL-UNNAMED --add-opens=java.prefs/java.util.prefs=ALL-UNNAMED --add-exports=jdk.compiler/com.sun.tools.javac.api=ALL-UNNAMED --add-exports=jdk.compiler/com.sun.tools.javac.util=ALL-UNNAMED --add-opens=java.base/java.nio.charset=ALL-UNNAMED --add-opens=java.base/java.net=ALL-UNNAMED --add-opens=java.base/java.util.concurrent.atomic=ALL-UNNAMED -Xmx2048m -Dfile.encoding=UTF-8 -Duser.country=US -Duser.language=en -Duser.variant -javaagent:C:\Users\Brandon\.gradle\wrapper\dists\gradle-8.9-bin\90cnw93cvbtalezasaz0blq0a\gradle-8.9\lib\agents\gradle-instrumentation-agent-8.9.jar 
java_command: org.gradle.launcher.daemon.bootstrap.GradleDaemon 8.9
java_class_path (initial): C:\Users\Brandon\.gradle\wrapper\dists\gradle-8.9-bin\90cnw93cvbtalezasaz0blq0a\gradle-8.9\lib\gradle-daemon-main-8.9.jar
Launcher Type: SUN_STANDARD

[Global flags]
     intx CICompilerCount                          = 15                                        {product} {ergonomic}
     uint ConcGCThreads                            = 6                                         {product} {ergonomic}
     uint G1ConcRefinementThreads                  = 23                                        {product} {ergonomic}
   size_t G1HeapRegionSize                         = 1048576                                   {product} {ergonomic}
    uintx GCDrainStackTargetSize                   = 64                                        {product} {ergonomic}
   size_t InitialHeapSize                          = 1071644672                                {product} {ergonomic}
   size_t MarkStackSize                            = 4194304                                   {product} {ergonomic}
   size_t MaxHeapSize                              = 2147483648                                {product} {command line}
   size_t MaxNewSize                               = 1287651328                                {product} {ergonomic}
   size_t MinHeapDeltaBytes                        = 1048576                                   {product} {ergonomic}
   size_t MinHeapSize                              = 8388608                                   {product} {ergonomic}
    uintx NonNMethodCodeHeapSize                   = 8192380                                {pd product} {ergonomic}
    uintx NonProfiledCodeHeapSize                  = 121732930                              {pd product} {ergonomic}
    uintx ProfiledCodeHeapSize                     = 121732930                              {pd product} {ergonomic}
    uintx ReservedCodeCacheSize                    = 251658240                              {pd product} {ergonomic}
     bool SegmentedCodeCache                       = true                                      {product} {ergonomic}
   size_t SoftMaxHeapSize                          = 2147483648                             {manageable} {ergonomic}
     bool UseCompressedOops                        = true                           {product lp64_product} {ergonomic}
     bool UseG1GC                                  = true                                      {product} {ergonomic}
     bool UseLargePagesIndividualAllocation        = false                                  {pd product} {ergonomic}

Logging:
Log output configuration:
 #0: stdout all=warning uptime,level,tags foldmultilines=false
 #1: stderr all=off uptime,level,tags foldmultilines=false

Environment Variables:
PATH=C:\Program Files\Common Files\Oracle\Java\javapath;C:\WINDOWS\system32;C:\WINDOWS;C:\WINDOWS\System32\Wbem;C:\WINDOWS\System32\WindowsPowerShell\v1.0\;C:\WINDOWS\System32\OpenSSH\;C:\Program Files (x86)\NVIDIA Corporation\PhysX\Common;C:\Program Files\NVIDIA Corporation\NVIDIA NvDLISR;C:\Program Files\dotnet\;%AppData%\Programs\Python\Python312;%AppData%\Programs\Python\Python312\Scripts;C:\Program Files\Git\cmd;C:\Program Files\MySQL\MySQL Shell 8.0\bin\;C:\Users\Brandon\AppData\Local\Microsoft\WindowsApps;C:\Users\Brandon\AppData\Local\Programs\Microsoft VS Code\bin;C:\Users\Brandon\.dotnet\tools;C:\Users\Brandon\AppData\Local\Microsoft\WindowsApps;C\MinGW\bin
USERNAME=Brandon
OS=Windows_NT
PROCESSOR_IDENTIFIER=Intel64 Family 6 Model 183 Stepping 1, GenuineIntel
TMP=C:\Users\Brandon\AppData\Local\Temp
TEMP=C:\Users\Brandon\AppData\Local\Temp




Periodic native trim disabled

JNI global refs:
JNI global refs: 35, weak refs: 0

JNI global refs memory usage: 835, weak refs: 833

Process memory usage:
Resident Set Size: 284820K (0% of 66941224K total physical memory with 40321576K free physical memory)

OOME stack traces (most recent first):
Classloader memory used:
Loader bootstrap                                                                       : 20942K
Loader org.gradle.internal.classloader.VisitableURLClassLoader                         : 20555K
Loader org.gradle.initialization.MixInLegacyTypesClassLoader                           : 4213K
Loader jdk.internal.loader.ClassLoaders$PlatformClassLoader                            : 511K
Loader jdk.internal.loader.ClassLoaders$AppClassLoader                                 : 230K

Classes loaded by more than one classloader:
Class org.gradle.internal.classloader.FilteringClassLoader                            : loaded 2 times (x 102B)
Class org.gradle.internal.classloader.ClassLoaderHierarchy                            : loaded 2 times (x 67B)
Class org.gradle.api.internal.classpath.ManifestUtil                                  : loaded 2 times (x 68B)
Class org.gradle.internal.classloader.DefaultClassLoaderFactory                       : loaded 2 times (x 79B)
Class org.gradle.internal.classloader.ClassLoaderVisitor                              : loaded 2 times (x 73B)
Class org.gradle.api.internal.classpath.EffectiveClassPath                            : loaded 2 times (x 87B)
Class org.gradle.api.internal.DefaultClassPathProvider                                : loaded 2 times (x 73B)
Class [Lorg.gradle.api.internal.ClassPathProvider;                                    : loaded 2 times (x 66B)
Class org.gradle.api.internal.ClassPathProvider                                       : loaded 2 times (x 67B)
Class org.gradle.internal.service.UnknownServiceException                             : loaded 2 times (x 80B)
Class org.gradle.internal.classpath.TransformedClassPath                              : loaded 2 times (x 93B)
Class org.gradle.internal.service.ServiceLocator                                      : loaded 2 times (x 67B)
Class org.gradle.internal.InternalTransformer                                         : loaded 2 times (x 67B)
Class org.gradle.internal.classloader.ClasspathUtil$1                                 : loaded 2 times (x 73B)
Class org.gradle.api.internal.classpath.DefaultModuleRegistry$DefaultModule           : loaded 2 times (x 83B)
Class org.gradle.api.internal.classpath.Module                                        : loaded 2 times (x 67B)
Class org.gradle.api.internal.classpath.UnknownModuleException                        : loaded 2 times (x 79B)
Class org.gradle.api.internal.DefaultClassPathRegistry                                : loaded 2 times (x 73B)
Class org.gradle.api.internal.ClassPathRegistry                                       : loaded 2 times (x 67B)
Class org.gradle.internal.classpath.DefaultClassPath$ImmutableUniqueList              : loaded 2 times (x 196B)
Class org.gradle.internal.classpath.ClassPath                                         : loaded 2 times (x 67B)
Class org.gradle.api.UncheckedIOException                                             : loaded 2 times (x 79B)
Class org.gradle.internal.installation.GradleInstallation$1                           : loaded 2 times (x 72B)
Class org.gradle.api.internal.classpath.ModuleRegistry                                : loaded 2 times (x 67B)
Class org.gradle.api.internal.classpath.DefaultModuleRegistry                         : loaded 2 times (x 80B)
Class org.gradle.internal.service.ServiceLookupException                              : loaded 2 times (x 79B)
Class org.gradle.internal.classloader.ClassLoaderFactory                              : loaded 2 times (x 67B)
Class org.gradle.internal.service.CachingServiceLocator                               : loaded 2 times (x 79B)
Class org.gradle.internal.classloader.ClasspathUtil                                   : loaded 2 times (x 68B)
Class org.gradle.api.specs.Spec                                                       : loaded 2 times (x 67B)
Class org.gradle.internal.classloader.VisitableURLClassLoader$InstrumentingVisitableURLClassLoader: loaded 2 times (x 120B)
Class org.gradle.internal.classloader.VisitableURLClassLoader$Spec                    : loaded 2 times (x 71B)
Class org.gradle.internal.classpath.DefaultClassPath                                  : loaded 2 times (x 87B)
Class org.gradle.internal.classloader.ClassLoaderSpec                                 : loaded 2 times (x 68B)
Class org.gradle.internal.classloader.VisitableURLClassLoader                         : loaded 2 times (x 114B)
Class org.gradle.internal.Cast                                                        : loaded 2 times (x 68B)
Class org.gradle.api.Action                                                           : loaded 2 times (x 67B)
Class org.gradle.internal.agents.InstrumentingClassLoader                             : loaded 2 times (x 67B)
Class org.gradle.internal.classpath.DefaultClassPath$ImmutableUniqueList$Builder      : loaded 2 times (x 72B)
Class org.gradle.api.GradleException                                                  : loaded 2 times (x 79B)
Class org.gradle.internal.IoActions                                                   : loaded 2 times (x 68B)
Class org.gradle.internal.classloader.SystemClassLoaderSpec                           : loaded 2 times (x 68B)
Class org.gradle.internal.installation.CurrentGradleInstallationLocator               : loaded 2 times (x 68B)
Class org.gradle.internal.service.DefaultServiceLocator                               : loaded 2 times (x 80B)
Class org.gradle.internal.installation.CurrentGradleInstallation                      : loaded 2 times (x 70B)
Class org.gradle.util.internal.GUtil                                                  : loaded 2 times (x 68B)
Class org.gradle.internal.installation.GradleInstallation                             : loaded 2 times (x 72B)

---------------  S Y S T E M  ---------------

OS:
 Windows 11 , 64 bit Build 22621 (10.0.22621.4391)
OS uptime: 0 days 10:52 hours
Hyper-V role detected

CPU: total 32 (initial active 32) (16 cores per cpu, 2 threads per core) family 6 model 183 stepping 1 microcode 0x11d, cx8, cmov, fxsr, ht, mmx, 3dnowpref, sse, sse2, sse3, ssse3, sse4.1, sse4.2, popcnt, lzcnt, tsc, tscinvbit, avx, avx2, aes, erms, clmul, bmi1, bmi2, adx, sha, fma, vzeroupper, clflush, clflushopt, clwb, hv, serialize, rdtscp, rdpid, fsrm, f16c, cet_ibt, cet_ss
Processor Information for processor 0
  Max Mhz: 3200, Current Mhz: 3200, Mhz Limit: 3200
Processor Information for processor 1
  Max Mhz: 3200, Current Mhz: 3200, Mhz Limit: 3200
Processor Information for processor 2
  Max Mhz: 3200, Current Mhz: 3200, Mhz Limit: 3200
Processor Information for processor 3
  Max Mhz: 3200, Current Mhz: 3200, Mhz Limit: 3200
Processor Information for processor 4
  Max Mhz: 3200, Current Mhz: 3200, Mhz Limit: 3200
Processor Information for processor 5
  Max Mhz: 3200, Current Mhz: 3200, Mhz Limit: 3200
Processor Information for processor 6
  Max Mhz: 3200, Current Mhz: 3200, Mhz Limit: 3200
Processor Information for processor 7
  Max Mhz: 3200, Current Mhz: 3200, Mhz Limit: 3200
Processor Information for processor 8
  Max Mhz: 3200, Current Mhz: 3200, Mhz Limit: 3200
Processor Information for processor 9
  Max Mhz: 3200, Current Mhz: 3200, Mhz Limit: 3200
Processor Information for processor 10
  Max Mhz: 3200, Current Mhz: 3200, Mhz Limit: 3200
Processor Information for processor 11
  Max Mhz: 3200, Current Mhz: 3200, Mhz Limit: 3200
Processor Information for processor 12
  Max Mhz: 3200, Current Mhz: 3200, Mhz Limit: 3200
Processor Information for processor 13
  Max Mhz: 3200, Current Mhz: 3200, Mhz Limit: 3200
Processor Information for processor 14
  Max Mhz: 3200, Current Mhz: 3200, Mhz Limit: 3200
Processor Information for processor 15
  Max Mhz: 3200, Current Mhz: 3200, Mhz Limit: 3200
Processor Information for processor 16
  Max Mhz: 3200, Current Mhz: 2400, Mhz Limit: 2400
Processor Information for processor 17
  Max Mhz: 3200, Current Mhz: 2400, Mhz Limit: 2400
Processor Information for processor 18
  Max Mhz: 3200, Current Mhz: 2400, Mhz Limit: 2400
Processor Information for processor 19
  Max Mhz: 3200, Current Mhz: 2400, Mhz Limit: 2400
Processor Information for processor 20
  Max Mhz: 3200, Current Mhz: 2400, Mhz Limit: 2400
Processor Information for processor 21
  Max Mhz: 3200, Current Mhz: 2400, Mhz Limit: 2400
Processor Information for processor 22
  Max Mhz: 3200, Current Mhz: 2400, Mhz Limit: 2400
Processor Information for processor 23
  Max Mhz: 3200, Current Mhz: 2400, Mhz Limit: 2400
Processor Information for processor 24
  Max Mhz: 3200, Current Mhz: 2400, Mhz Limit: 2400
Processor Information for processor 25
  Max Mhz: 3200, Current Mhz: 2400, Mhz Limit: 2400
Processor Information for processor 26
  Max Mhz: 3200, Current Mhz: 2400, Mhz Limit: 2400
Processor Information for processor 27
  Max Mhz: 3200, Current Mhz: 2400, Mhz Limit: 2400
Processor Information for processor 28
  Max Mhz: 3200, Current Mhz: 2400, Mhz Limit: 2400
Processor Information for processor 29
  Max Mhz: 3200, Current Mhz: 2400, Mhz Limit: 2400
Processor Information for processor 30
  Max Mhz: 3200, Current Mhz: 2400, Mhz Limit: 2400
Processor Information for processor 31
  Max Mhz: 3200, Current Mhz: 2400, Mhz Limit: 2400

Memory: 4k page, system-wide physical 65372M (39379M free)
TotalPageFile size 75100M (AvailPageFile size 42263M)
current process WorkingSet (physical memory assigned to process): 275M, peak: 286M
current process commit charge ("private bytes"): 346M, peak: 1205M

vm_info: OpenJDK 64-Bit Server VM (21.0.3+-12282718-b509.11) for windows-amd64 JRE (21.0.3+-12282718-b509.11), built on 2024-08-27T17:34:15Z by "builder" with MS VC++ 16.10 / 16.11 (VS2019)

END.
